2025-10-31 16:32:03,781 [INFO] ================================================================================
2025-10-31 16:32:03,781 [INFO] 直接パース方式バッチ処理 v7_fixed7 (真・最終完全版)
2025-10-31 16:32:03,782 [INFO] ================================================================================
2025-10-31 16:32:03,782 [INFO] プロジェクトID: jgb2023
2025-10-31 16:32:03,782 [INFO] データセットID: 20251031
2025-10-31 16:32:03,783 [INFO] データディレクトリ: G:\マイドライブ\JGBデータ\2023
2025-10-31 16:32:03,783 [INFO] 処理制限: 0件 (0=全件)
2025-10-31 16:32:03,783 [INFO] 最小金額: 100,000,000円 (1億円)
2025-10-31 16:32:03,783 [INFO] 許可単位: 兆, 円, 億
2025-10-31 16:32:03,785 [INFO] 位置バケットサイズ: 20文字
2025-10-31 16:32:03,785 [INFO] ================================================================================
2025-10-31 16:32:03,790 [INFO] ✓ BigQueryクライアント初期化完了
2025-10-31 16:32:04,825 [INFO] ✓ データセット準備完了: jgb2023.20251031
2025-10-31 16:32:04,838 [INFO] ✓ .txtファイル: 179件
2025-10-31 16:32:04,838 [INFO] 全件モード: 179件を処理します
2025-10-31 16:32:05,145 [INFO] ✓ bond_issuancesテーブル準備完了: jgb2023.20251031.bond_issuances
2025-10-31 16:32:05,146 [INFO] dedupe_key列の確認中（非リセットモード）...
2025-10-31 16:32:05,680 [INFO] ✓ dedupe_key列の追加完了（既存の場合はスキップ）
2025-10-31 16:32:08,925 [INFO] ✓ parse_logテーブル準備完了: jgb2023.20251031.parse_log
2025-10-31 16:32:08,929 [INFO] 
2025-10-31 16:32:08,929 [INFO] ================================================================================
2025-10-31 16:32:08,930 [INFO] 処理開始
2025-10-31 16:32:08,930 [INFO] ================================================================================
2025-10-31 16:32:08,930 [INFO] 
2025-10-31 16:32:08,930 [INFO] [1/179] 20230403_令和5年5月9日付（財務省第百二十一号）
2025-10-31 16:32:08,941 [INFO]   ✓ ファイル読み込み: 1392文字
2025-10-31 16:32:08,941 [INFO]   ✓ パターン: NUMBERED_LIST (信頼度: 0.90)
2025-10-31 16:32:08,942 [INFO]   ✓ データ抽出: 2件
2025-10-31 16:32:08,942 [INFO]   ✓ 合計金額: 28993.00億円
2025-10-31 16:32:14,149 [INFO]   ℹ 全て重複: 2件
2025-10-31 16:32:14,269 [INFO]   ✓ 重複: 全て既存データ
2025-10-31 16:32:14,492 [INFO] [2/179] 20230405_令和5年5月9日付（財務省第百二十三号）
2025-10-31 16:32:14,501 [INFO]   ✓ ファイル読み込み: 1722文字
2025-10-31 16:32:14,502 [INFO]   ✓ パターン: NUMBERED_LIST (信頼度: 0.90)
2025-10-31 16:32:14,502 [INFO]   ✓ データ抽出: 3件
2025-10-31 16:32:14,503 [INFO]   ✓ 合計金額: 26996.45億円
2025-10-31 16:32:20,430 [INFO]   ℹ 全て重複: 3件
2025-10-31 16:32:20,551 [INFO]   ✓ 重複: 全て既存データ
2025-10-31 16:32:20,636 [INFO] [3/179] 20230407_令和5年5月9日付（財務省第百二十五号）
2025-10-31 16:32:20,645 [INFO]   ✓ ファイル読み込み: 1720文字
2025-10-31 16:32:20,645 [INFO]   ✓ パターン: NUMBERED_LIST (信頼度: 0.90)
2025-10-31 16:32:20,646 [INFO]   ✓ データ抽出: 3件
2025-10-31 16:32:20,646 [INFO]   ✓ 合計金額: 9864.00億円
2025-10-31 16:32:25,440 [INFO]   ℹ 全て重複: 3件
2025-10-31 16:32:25,531 [INFO]   ✓ 重複: 全て既存データ
2025-10-31 16:32:25,572 [INFO] [4/179] 20230410_令和5年5月9日付（財務省第百二十九号）
2025-10-31 16:32:25,580 [INFO]   ✓ ファイル読み込み: 1045文字
2025-10-31 16:32:25,581 [INFO]   ✓ パターン: NUMBERED_LIST (信頼度: 0.90)
2025-10-31 16:32:25,581 [INFO]   ✓ データ抽出: 1件
2025-10-31 16:32:25,582 [INFO]   ✓ 合計金額: 88.38億円
2025-10-31 16:32:31,189 [INFO]   ℹ 全て重複: 1件
2025-10-31 16:32:31,276 [INFO]   ✓ 重複: 全て既存データ
2025-10-31 16:32:31,327 [INFO] [5/179] 20230412_令和5年5月9日付（財務省第百二十二号）
2025-10-31 16:32:31,336 [INFO]   ✓ ファイル読み込み: 1956文字
2025-10-31 16:32:31,337 [INFO]   ✓ パターン: NUMBERED_LIST (信頼度: 0.90)
2025-10-31 16:32:31,338 [INFO]   ✓ データ抽出: 4件
2025-10-31 16:32:31,338 [INFO]   ✓ 合計金額: 26980.00億円
2025-10-31 16:32:36,332 [INFO]   ℹ 全て重複: 4件
2025-10-31 16:32:36,434 [INFO]   ✓ 重複: 全て既存データ
2025-10-31 16:32:36,516 [INFO] [6/179] 20230412_令和5年5月9日付（財務省第百二十八号）
2025-10-31 16:32:36,524 [INFO]   ✓ ファイル読み込み: 1040文字
2025-10-31 16:32:36,525 [INFO]   ✓ パターン: NUMBERED_LIST (信頼度: 0.90)
2025-10-31 16:32:36,526 [INFO]   ✓ データ抽出: 1件
2025-10-31 16:32:36,526 [INFO]   ✓ 合計金額: 9.51億円
2025-10-31 16:32:41,079 [INFO]   ℹ 全て重複: 1件
2025-10-31 16:32:41,202 [INFO]   ✓ 重複: 全て既存データ
2025-10-31 16:32:41,241 [INFO] [7/179] 20230414_令和5年5月9日付（財務省第百二十七号）
2025-10-31 16:32:41,259 [INFO]   ✓ ファイル読み込み: 3674文字
2025-10-31 16:32:41,259 [INFO]   ✓ パターン: NUMBERED_LIST (信頼度: 0.90)
2025-10-31 16:32:41,261 [INFO]   ✓ データ抽出: 1件
2025-10-31 16:32:41,261 [INFO]   ✓ 合計金額: 4995.00億円
2025-10-31 16:32:45,638 [INFO]   ℹ 全て重複: 1件
2025-10-31 16:32:45,743 [INFO]   ✓ 重複: 全て既存データ
2025-10-31 16:32:45,796 [INFO] [8/179] 20230417_令和5年5月9日付（財務省第百三十一号）
2025-10-31 16:32:45,815 [INFO]   ✓ ファイル読み込み: 1750文字
2025-10-31 16:32:45,815 [INFO]   ✓ パターン: NUMBERED_LIST (信頼度: 0.90)
2025-10-31 16:32:45,816 [INFO]   ✓ データ抽出: 2件
2025-10-31 16:32:45,816 [INFO]   ✓ 合計金額: 1222.28億円
2025-10-31 16:32:51,753 [INFO]   ℹ 全て重複: 2件
2025-10-31 16:32:51,832 [INFO]   ✓ 重複: 全て既存データ
2025-10-31 16:32:51,944 [INFO] [9/179] 20230417_令和5年5月9日付（財務省第百三十二号）
2025-10-31 16:32:51,956 [INFO]   ✓ ファイル読み込み: 2063文字
2025-10-31 16:32:51,957 [INFO]   ✓ パターン: NUMBERED_LIST (信頼度: 0.90)
2025-10-31 16:32:51,957 [INFO]   ✓ データ抽出: 1件
2025-10-31 16:32:51,958 [INFO]   ✓ 合計金額: 2765.21億円
2025-10-31 16:32:57,482 [INFO]   ℹ 全て重複: 1件
2025-10-31 16:32:57,571 [INFO]   ✓ 重複: 全て既存データ
2025-10-31 16:32:57,617 [INFO] [10/179] 20230417_令和5年5月9日付（財務省第百三十号）
2025-10-31 16:32:57,626 [INFO]   ✓ ファイル読み込み: 1748文字
2025-10-31 16:32:57,627 [INFO]   ✓ パターン: NUMBERED_LIST (信頼度: 0.90)
2025-10-31 16:32:57,627 [INFO]   ✓ データ抽出: 2件
2025-10-31 16:32:57,627 [INFO]   ✓ 合計金額: 330.31億円
2025-10-31 16:33:03,274 [INFO]   ℹ 全て重複: 2件
2025-10-31 16:33:03,383 [INFO]   ✓ 重複: 全て既存データ
2025-10-31 16:33:03,483 [INFO] [11/179] 20230419_令和5年5月9日付（財務省第百二十六号）
2025-10-31 16:33:03,503 [INFO]   ✓ ファイル読み込み: 3161文字
2025-10-31 16:33:03,504 [INFO]   ✓ パターン: NUMBERED_LIST (信頼度: 0.90)
2025-10-31 16:33:03,505 [INFO]   ✓ データ抽出: 1件
2025-10-31 16:33:03,506 [INFO]   ✓ 合計金額: 4988.00億円
2025-10-31 16:33:08,244 [INFO]   ✓ 成功: Layer2へMERGE完了
2025-10-31 16:33:08,292 [INFO] [12/179] 20230420_令和5年5月10日付（財務省第百三十九号）
2025-10-31 16:33:08,309 [INFO]   ✓ ファイル読み込み: 1203文字
2025-10-31 16:33:08,310 [INFO]   ✓ パターン: NUMBERED_LIST (信頼度: 0.90)
2025-10-31 16:33:08,310 [INFO]   ✓ データ抽出: 2件
2025-10-31 16:33:08,311 [INFO]   ✓ 合計金額: 34999.70億円
2025-10-31 16:33:12,767 [INFO]   ✓ 成功: Layer2へMERGE完了
2025-10-31 16:33:12,820 [INFO] [13/179] 20230421_令和5年5月9日付（財務省第百二十四号）
2025-10-31 16:33:12,839 [INFO]   ✓ ファイル読み込み: 1512文字
2025-10-31 16:33:12,840 [INFO]   ✓ パターン: NUMBERED_LIST (信頼度: 0.90)
2025-10-31 16:33:12,841 [INFO]   ✓ データ抽出: 2件
2025-10-31 16:33:12,841 [INFO]   ✓ 合計金額: 11992.00億円
2025-10-31 16:33:17,307 [INFO]   ✓ 成功: Layer2へMERGE完了
2025-10-31 16:33:17,353 [INFO] [14/179] 20230501_令和5年6月8日付（財務省第百五十一号）
2025-10-31 16:33:17,372 [INFO]   ✓ ファイル読み込み: 1391文字
2025-10-31 16:33:17,372 [INFO]   ✓ パターン: NUMBERED_LIST (信頼度: 0.90)
2025-10-31 16:33:17,373 [INFO]   ✓ データ抽出: 2件
2025-10-31 16:33:17,373 [INFO]   ✓ 合計金額: 28995.00億円
2025-10-31 16:33:21,960 [INFO]   ✓ 成功: Layer2へMERGE完了
2025-10-31 16:33:21,977 [INFO] [15/179] 20230508_令和5年6月8日付（財務省第百五十八号）
2025-10-31 16:33:21,998 [INFO]   ✓ ファイル読み込み: 2839文字
2025-10-31 16:33:21,999 [INFO]   ✓ パターン: NUMBERED_LIST (信頼度: 0.90)
2025-10-31 16:33:22,000 [INFO]   ✓ データ抽出: 1件
2025-10-31 16:33:22,000 [INFO]   ✓ 合計金額: 4983.00億円
2025-10-31 16:33:26,520 [INFO]   ✓ 成功: Layer2へMERGE完了
2025-10-31 16:33:26,571 [INFO] [16/179] 20230510_令和5年6月8日付（財務省第百五十三号）
2025-10-31 16:33:26,594 [INFO]   ✓ ファイル読み込み: 1957文字
2025-10-31 16:33:26,595 [INFO]   ✓ パターン: NUMBERED_LIST (信頼度: 0.90)
2025-10-31 16:33:26,596 [INFO]   ✓ データ抽出: 4件
2025-10-31 16:33:26,596 [INFO]   ✓ 合計金額: 28068.86億円
2025-10-31 16:33:34,610 [INFO]   ✓ 成功: Layer2へMERGE完了
2025-10-31 16:33:34,626 [INFO] [17/179] 20230510_令和5年6月8日付（財務省第百六十一号）
2025-10-31 16:33:34,648 [INFO]   ✓ ファイル読み込み: 1045文字
2025-10-31 16:33:34,648 [INFO]   ✓ パターン: NUMBERED_LIST (信頼度: 0.90)
2025-10-31 16:33:34,648 [INFO]   ✓ データ抽出: 1件
2025-10-31 16:33:34,648 [INFO]   ✓ 合計金額: 23.65億円
2025-10-31 16:33:38,949 [INFO]   ✓ 成功: Layer2へMERGE完了
2025-10-31 16:33:38,964 [INFO] [18/179] 20230512_令和5年6月8日付（財務省第百五十六号）
2025-10-31 16:33:38,982 [INFO]   ✓ ファイル読み込み: 1728文字
2025-10-31 16:33:38,984 [INFO]   ✓ パターン: NUMBERED_LIST (信頼度: 0.90)
2025-10-31 16:33:38,984 [INFO]   ✓ データ抽出: 3件
2025-10-31 16:33:38,984 [INFO]   ✓ 合計金額: 9798.00億円
2025-10-31 16:33:43,748 [INFO]   ✓ 成功: Layer2へMERGE完了
2025-10-31 16:33:43,785 [INFO] [19/179] 20230515_令和5年6月8日付（財務省第百六十三号）
2025-10-31 16:33:43,803 [INFO]   ✓ ファイル読み込み: 1737文字
2025-10-31 16:33:43,804 [INFO]   ✓ パターン: NUMBERED_LIST (信頼度: 0.90)
2025-10-31 16:33:43,804 [INFO]   ✓ データ抽出: 1件
2025-10-31 16:33:43,805 [INFO]   ✓ 合計金額: 563.15億円
2025-10-31 16:33:48,271 [INFO]   ✓ 成功: Layer2へMERGE完了
2025-10-31 16:33:48,310 [INFO] [20/179] 20230515_令和5年6月8日付（財務省第百六十二号）
2025-10-31 16:33:48,329 [INFO]   ✓ ファイル読み込み: 1736文字
2025-10-31 16:33:48,330 [INFO]   ✓ パターン: NUMBERED_LIST (信頼度: 0.90)
2025-10-31 16:33:48,330 [INFO]   ✓ データ抽出: 1件
2025-10-31 16:33:48,331 [INFO]   ✓ 合計金額: 229.06億円
2025-10-31 16:33:53,751 [INFO]   ✓ 成功: Layer2へMERGE完了
2025-10-31 16:33:53,791 [INFO] [21/179] 20230515_令和5年6月8日付（財務省第百六十号）
2025-10-31 16:33:53,809 [INFO]   ✓ ファイル読み込み: 1046文字
2025-10-31 16:33:53,809 [INFO]   ✓ パターン: NUMBERED_LIST (信頼度: 0.90)
2025-10-31 16:33:53,811 [INFO]   ✓ データ抽出: 1件
2025-10-31 16:33:53,811 [INFO]   ✓ 合計金額: 67.20億円
2025-10-31 16:33:59,572 [INFO]   ✓ 成功: Layer2へMERGE完了
2025-10-31 16:33:59,607 [INFO] [22/179] 20230515_令和5年6月8日付（財務省第百六十四号）
2025-10-31 16:33:59,627 [INFO]   ✓ ファイル読み込み: 2050文字
2025-10-31 16:33:59,627 [INFO]   ✓ パターン: NUMBERED_LIST (信頼度: 0.90)
2025-10-31 16:33:59,628 [INFO]   ✓ データ抽出: 1件
2025-10-31 16:33:59,628 [INFO]   ✓ 合計金額: 1581.05億円
2025-10-31 16:34:06,291 [INFO]   ✓ 成功: Layer2へMERGE完了
2025-10-31 16:34:06,363 [INFO] [23/179] 20230516_令和5年6月8日付（財務省第百五十二号）
2025-10-31 16:34:06,383 [INFO]   ✓ ファイル読み込み: 1731文字
2025-10-31 16:34:06,383 [INFO]   ✓ パターン: NUMBERED_LIST (信頼度: 0.90)
2025-10-31 16:34:06,384 [INFO]   ✓ データ抽出: 3件
2025-10-31 16:34:06,384 [INFO]   ✓ 合計金額: 27470.00億円
2025-10-31 16:34:12,872 [INFO]   ✓ 成功: Layer2へMERGE完了
2025-10-31 16:34:12,920 [INFO] [24/179] 20230518_令和5年6月8日付（財務省第百五十五号）
2025-10-31 16:34:12,937 [INFO]   ✓ ファイル読み込み: 1730文字
2025-10-31 16:34:12,937 [INFO]   ✓ パターン: NUMBERED_LIST (信頼度: 0.90)
2025-10-31 16:34:12,938 [INFO]   ✓ データ抽出: 3件
2025-10-31 16:34:12,938 [INFO]   ✓ 合計金額: 12980.00億円
2025-10-31 16:34:18,032 [INFO]   ✓ 成功: Layer2へMERGE完了
2025-10-31 16:34:18,074 [INFO] [25/179] 20230522_令和5年6月8日付（財務省第百五十九号）
2025-10-31 16:34:18,093 [INFO]   ✓ ファイル読み込み: 3460文字
2025-10-31 16:34:18,094 [INFO]   ✓ パターン: NUMBERED_LIST (信頼度: 0.90)
2025-10-31 16:34:18,096 [INFO]   ✓ データ抽出: 1件
2025-10-31 16:34:18,096 [INFO]   ✓ 合計金額: 4977.00億円
2025-10-31 16:34:23,561 [INFO]   ✓ 成功: Layer2へMERGE完了
2025-10-31 16:34:23,611 [INFO] [26/179] 20230522_令和5年6月9日付（財務省第百六十八号）
2025-10-31 16:34:23,627 [INFO]   ✓ ファイル読み込み: 1206文字
2025-10-31 16:34:23,628 [INFO]   ✓ パターン: NUMBERED_LIST (信頼度: 0.90)
2025-10-31 16:34:23,628 [INFO]   ✓ データ抽出: 2件
2025-10-31 16:34:23,629 [INFO]   ✓ 合計金額: 34999.70億円
2025-10-31 16:34:28,344 [INFO]   ✓ 成功: Layer2へMERGE完了
2025-10-31 16:34:28,384 [INFO] [27/179] 20230524_令和5年6月8日付（財務省第百五十四号）
2025-10-31 16:34:28,402 [INFO]   ✓ ファイル読み込み: 1695文字
2025-10-31 16:34:28,402 [INFO]   ✓ パターン: NUMBERED_LIST (信頼度: 0.90)
2025-10-31 16:34:28,403 [INFO]   ✓ データ抽出: 2件
2025-10-31 16:34:28,404 [INFO]   ✓ 合計金額: 4996.00億円
2025-10-31 16:34:32,986 [INFO]   ✓ 成功: Layer2へMERGE完了
2025-10-31 16:34:33,010 [INFO] [28/179] 20230526_令和5年6月8日付（財務省第百五十七号）
2025-10-31 16:34:33,030 [INFO]   ✓ ファイル読み込み: 1128文字
2025-10-31 16:34:33,030 [INFO]   ✓ パターン: NUMBERED_LIST (信頼度: 0.90)
2025-10-31 16:34:33,031 [INFO]   ✓ データ抽出: 2件
2025-10-31 16:34:33,031 [INFO]   ✓ 合計金額: 13992.00億円
2025-10-31 16:34:39,034 [INFO]   ✓ 成功: Layer2へMERGE完了
2025-10-31 16:34:39,073 [INFO] [29/179] 20230601_令和5年7月11日付（財務省第百八十一号）
2025-10-31 16:34:39,094 [INFO]   ✓ ファイル読み込み: 1394文字
2025-10-31 16:34:39,094 [INFO]   ✓ パターン: NUMBERED_LIST (信頼度: 0.90)
2025-10-31 16:34:39,095 [INFO]   ✓ データ抽出: 2件
2025-10-31 16:34:39,095 [INFO]   ✓ 合計金額: 28995.00億円
2025-10-31 16:34:44,062 [INFO]   ✓ 成功: Layer2へMERGE完了
2025-10-31 16:34:44,108 [INFO] [30/179] 20230602_令和5年7月11日付（財務省第百八十三号）
2025-10-31 16:34:44,124 [INFO]   ✓ ファイル読み込み: 1954文字
2025-10-31 16:34:44,125 [INFO]   ✓ パターン: NUMBERED_LIST (信頼度: 0.90)
2025-10-31 16:34:44,126 [INFO]   ✓ データ抽出: 4件
2025-10-31 16:34:44,126 [INFO]   ✓ 合計金額: 29378.92億円
2025-10-31 16:34:48,865 [INFO]   ✓ 成功: Layer2へMERGE完了
2025-10-31 16:34:48,899 [INFO] [31/179] 20230607_令和5年7月11日付（財務省第百八十五号）
2025-10-31 16:34:48,946 [INFO]   ✓ ファイル読み込み: 1744文字
2025-10-31 16:34:48,947 [INFO]   ✓ パターン: NUMBERED_LIST (信頼度: 0.90)
2025-10-31 16:34:48,947 [INFO]   ✓ データ抽出: 3件
2025-10-31 16:34:48,947 [INFO]   ✓ 合計金額: 9767.00億円
2025-10-31 16:34:54,198 [INFO]   ✓ 成功: Layer2へMERGE完了
2025-10-31 16:34:54,230 [INFO] [32/179] 20230608_令和5年7月11日付（財務省第百八十九号）
2025-10-31 16:34:54,245 [INFO]   ✓ ファイル読み込み: 1044文字
2025-10-31 16:34:54,245 [INFO]   ✓ パターン: NUMBERED_LIST (信頼度: 0.90)
2025-10-31 16:34:54,246 [INFO]   ✓ データ抽出: 1件
2025-10-31 16:34:54,246 [INFO]   ✓ 合計金額: 49.88億円
2025-10-31 16:34:59,325 [INFO]   ✓ 成功: Layer2へMERGE完了
2025-10-31 16:34:59,361 [INFO] [33/179] 20230609_令和5年7月11日付（財務省第百八十六号）
2025-10-31 16:34:59,377 [INFO]   ✓ ファイル読み込み: 2330文字
2025-10-31 16:34:59,378 [INFO]   ✓ パターン: NUMBERED_LIST (信頼度: 0.90)
2025-10-31 16:34:59,379 [INFO]   ✓ データ抽出: 1件
2025-10-31 16:34:59,379 [INFO]   ✓ 合計金額: 4992.00億円
2025-10-31 16:35:05,179 [INFO]   ✓ 成功: Layer2へMERGE完了
2025-10-31 16:35:05,229 [INFO] [34/179] 20230612_令和5年7月11日付（財務省第百八十八号）
2025-10-31 16:35:05,249 [INFO]   ✓ ファイル読み込み: 1042文字
2025-10-31 16:35:05,249 [INFO]   ✓ パターン: NUMBERED_LIST (信頼度: 0.90)
2025-10-31 16:35:05,251 [INFO]   ✓ データ抽出: 1件
2025-10-31 16:35:05,251 [INFO]   ✓ 合計金額: 9.07億円
2025-10-31 16:35:09,666 [INFO]   ✓ 成功: Layer2へMERGE完了
2025-10-31 16:35:09,698 [INFO] [35/179] 20230614_令和5年7月11日付（財務省第百八十七号）
2025-10-31 16:35:09,722 [INFO]   ✓ ファイル読み込み: 5045文字
2025-10-31 16:35:09,723 [INFO]   ✓ パターン: NUMBERED_LIST (信頼度: 0.90)
2025-10-31 16:35:09,724 [INFO]   ✓ データ抽出: 2件
2025-10-31 16:35:09,725 [INFO]   ✓ 合計金額: 9932.00億円
2025-10-31 16:35:14,377 [INFO]   ✓ 成功: Layer2へMERGE完了
2025-10-31 16:35:14,406 [INFO] [36/179] 20230615_令和5年7月11日付（財務省第百九十一号）
2025-10-31 16:35:14,428 [INFO]   ✓ ファイル読み込み: 1739文字
2025-10-31 16:35:14,429 [INFO]   ✓ パターン: NUMBERED_LIST (信頼度: 0.90)
2025-10-31 16:35:14,429 [INFO]   ✓ データ抽出: 1件
2025-10-31 16:35:14,430 [INFO]   ✓ 合計金額: 342.77億円
2025-10-31 16:35:19,985 [INFO]   ✓ 成功: Layer2へMERGE完了
2025-10-31 16:35:20,028 [INFO] [37/179] 20230615_令和5年7月11日付（財務省第百九十二号）
2025-10-31 16:35:20,047 [INFO]   ✓ ファイル読み込み: 2052文字
2025-10-31 16:35:20,048 [INFO]   ✓ パターン: NUMBERED_LIST (信頼度: 0.90)
2025-10-31 16:35:20,048 [INFO]   ✓ データ抽出: 1件
2025-10-31 16:35:20,049 [INFO]   ✓ 合計金額: 1631.92億円
2025-10-31 16:35:25,478 [INFO]   ✓ 成功: Layer2へMERGE完了
2025-10-31 16:35:25,495 [INFO] [38/179] 20230615_令和5年7月11日付（財務省第百九十号）
2025-10-31 16:35:25,511 [INFO]   ✓ ファイル読み込み: 1737文字
2025-10-31 16:35:25,511 [INFO]   ✓ パターン: NUMBERED_LIST (信頼度: 0.90)
2025-10-31 16:35:25,512 [INFO]   ✓ データ抽出: 1件
2025-10-31 16:35:25,512 [INFO]   ✓ 合計金額: 242.85億円
2025-10-31 16:35:31,104 [INFO]   ✓ 成功: Layer2へMERGE完了
2025-10-31 16:35:31,145 [INFO] [39/179] 20230620_令和5年7月7日付（財務省第百七十九号）
2025-10-31 16:35:31,165 [INFO]   ✓ ファイル読み込み: 1202文字
2025-10-31 16:35:31,165 [INFO]   ✓ パターン: NUMBERED_LIST (信頼度: 0.90)
2025-10-31 16:35:31,166 [INFO]   ✓ データ抽出: 2件
2025-10-31 16:35:31,166 [INFO]   ✓ 合計金額: 34999.70億円
2025-10-31 16:35:36,677 [INFO]   ✓ 成功: Layer2へMERGE完了
2025-10-31 16:35:36,689 [INFO] [40/179] 20230623_令和5年7月11日付（財務省第百八十二号）
2025-10-31 16:35:36,709 [INFO]   ✓ ファイル読み込み: 1961文字
2025-10-31 16:35:36,709 [INFO]   ✓ パターン: NUMBERED_LIST (信頼度: 0.90)
2025-10-31 16:35:36,710 [INFO]   ✓ データ抽出: 4件
2025-10-31 16:35:36,710 [INFO]   ✓ 合計金額: 27346.00億円
2025-10-31 16:35:42,718 [INFO]   ✓ 成功: Layer2へMERGE完了
2025-10-31 16:35:42,730 [INFO] [41/179] 20230628_令和5年7月11日付（財務省第百八十四号）
2025-10-31 16:35:42,750 [INFO]   ✓ ファイル読み込み: 1508文字
2025-10-31 16:35:42,750 [INFO]   ✓ パターン: NUMBERED_LIST (信頼度: 0.90)
2025-10-31 16:35:42,751 [INFO]   ✓ データ抽出: 2件
2025-10-31 16:35:42,751 [INFO]   ✓ 合計金額: 11995.00億円
2025-10-31 16:35:47,885 [INFO]   ✓ 成功: Layer2へMERGE完了
2025-10-31 16:35:47,901 [INFO] [42/179] 20230703_令和5年8月8日付（財務省第百九十五号）
2025-10-31 16:35:47,920 [INFO]   ✓ ファイル読み込み: 1732文字
2025-10-31 16:35:47,921 [INFO]   ✓ パターン: NUMBERED_LIST (信頼度: 0.90)
2025-10-31 16:35:47,921 [INFO]   ✓ データ抽出: 3件
2025-10-31 16:35:47,922 [INFO]   ✓ 合計金額: 30613.00億円
2025-10-31 16:35:53,149 [INFO]   ✓ 成功: Layer2へMERGE完了
2025-10-31 16:35:53,189 [INFO] [43/179] 20230705_令和5年8月8日付（財務省第百九十七号）
2025-10-31 16:35:53,229 [INFO]   ✓ ファイル読み込み: 1951文字
2025-10-31 16:35:53,230 [INFO]   ✓ パターン: NUMBERED_LIST (信頼度: 0.90)
2025-10-31 16:35:53,231 [INFO]   ✓ データ抽出: 4件
2025-10-31 16:35:53,231 [INFO]   ✓ 合計金額: 29662.13億円
2025-10-31 16:35:57,936 [INFO]   ✓ 成功: Layer2へMERGE完了
2025-10-31 16:35:57,971 [INFO] [44/179] 20230707_令和5年8月8日付（財務省第百九十九号）
2025-10-31 16:35:57,990 [INFO]   ✓ ファイル読み込み: 1676文字
2025-10-31 16:35:57,991 [INFO]   ✓ パターン: NUMBERED_LIST (信頼度: 0.90)
2025-10-31 16:35:57,992 [INFO]   ✓ データ抽出: 4件
2025-10-31 16:35:57,994 [INFO]   ✓ 合計金額: 16341.00億円
2025-10-31 16:36:02,824 [INFO]   ✓ 成功: Layer2へMERGE完了
2025-10-31 16:36:02,846 [INFO] [45/179] 20230710_令和5年8月8日付（財務省第二百三号）
2025-10-31 16:36:02,865 [INFO]   ✓ ファイル読み込み: 1044文字
2025-10-31 16:36:02,866 [INFO]   ✓ パターン: NUMBERED_LIST (信頼度: 0.90)
2025-10-31 16:36:02,866 [INFO]   ✓ データ抽出: 1件
2025-10-31 16:36:02,867 [INFO]   ✓ 合計金額: 83.11億円
2025-10-31 16:36:09,221 [INFO]   ✓ 成功: Layer2へMERGE完了
2025-10-31 16:36:09,269 [INFO] [46/179] 20230712_令和5年8月8日付（財務省第百九十六号）
2025-10-31 16:36:09,292 [INFO]   ✓ ファイル読み込み: 1955文字
2025-10-31 16:36:09,293 [INFO]   ✓ パターン: NUMBERED_LIST (信頼度: 0.90)
2025-10-31 16:36:09,294 [INFO]   ✓ データ抽出: 4件
2025-10-31 16:36:09,294 [INFO]   ✓ 合計金額: 27210.00億円
2025-10-31 16:36:14,413 [INFO]   ✓ 成功: Layer2へMERGE完了
2025-10-31 16:36:14,454 [INFO] [47/179] 20230714_令和5年8月8日付（財務省第百九十八号）
2025-10-31 16:36:14,474 [INFO]   ✓ ファイル読み込み: 1935文字
2025-10-31 16:36:14,475 [INFO]   ✓ パターン: NUMBERED_LIST (信頼度: 0.90)
2025-10-31 16:36:14,476 [INFO]   ✓ データ抽出: 5件
2025-10-31 16:36:14,476 [INFO]   ✓ 合計金額: 21726.00億円
2025-10-31 16:36:19,009 [INFO]   ✓ 成功: Layer2へMERGE完了
2025-10-31 16:36:19,037 [INFO] [48/179] 20230718_令和5年8月8日付（財務省第二百五号）
2025-10-31 16:36:19,059 [INFO]   ✓ ファイル読み込み: 1747文字
2025-10-31 16:36:19,059 [INFO]   ✓ パターン: NUMBERED_LIST (信頼度: 0.90)
2025-10-31 16:36:19,059 [INFO]   ✓ データ抽出: 1件
2025-10-31 16:36:19,061 [INFO]   ✓ 合計金額: 218.31億円
2025-10-31 16:36:24,719 [INFO]   ✓ 成功: Layer2へMERGE完了
2025-10-31 16:36:24,732 [INFO] [49/179] 20230718_令和5年8月8日付（財務省第二百六号）
2025-10-31 16:36:24,777 [INFO]   ✓ ファイル読み込み: 2060文字
2025-10-31 16:36:24,778 [INFO]   ✓ パターン: NUMBERED_LIST (信頼度: 0.90)
2025-10-31 16:36:24,779 [INFO]   ✓ データ抽出: 1件
2025-10-31 16:36:24,779 [INFO]   ✓ 合計金額: 1981.96億円
2025-10-31 16:36:31,219 [INFO]   ✓ 成功: Layer2へMERGE完了
2025-10-31 16:36:31,258 [INFO] [50/179] 20230718_令和5年8月8日付（財務省第二百四号）
2025-10-31 16:36:31,274 [INFO]   ✓ ファイル読み込み: 1746文字
2025-10-31 16:36:31,274 [INFO]   ✓ パターン: NUMBERED_LIST (信頼度: 0.90)
2025-10-31 16:36:31,275 [INFO]   ✓ データ抽出: 1件
2025-10-31 16:36:31,275 [INFO]   ✓ 合計金額: 331.16億円
2025-10-31 16:36:37,035 [INFO]   ✓ 成功: Layer2へMERGE完了
2025-10-31 16:36:37,062 [INFO] [51/179] 20230720_令和5年8月10日付（財務省第二百十一号）
2025-10-31 16:36:37,081 [INFO]   ✓ ファイル読み込み: 1205文字
2025-10-31 16:36:37,082 [INFO]   ✓ パターン: NUMBERED_LIST (信頼度: 0.90)
2025-10-31 16:36:37,083 [INFO]   ✓ データ抽出: 2件
2025-10-31 16:36:37,083 [INFO]   ✓ 合計金額: 34999.40億円
2025-10-31 16:36:43,521 [INFO]   ✓ 成功: Layer2へMERGE完了
2025-10-31 16:36:43,534 [INFO] [52/179] 20230720_令和5年8月8日付（財務省第二百一号）
2025-10-31 16:36:43,554 [INFO]   ✓ ファイル読み込み: 2271文字
2025-10-31 16:36:43,555 [INFO]   ✓ パターン: NUMBERED_LIST (信頼度: 0.90)
2025-10-31 16:36:43,556 [INFO]   ✓ データ抽出: 2件
2025-10-31 16:36:43,556 [INFO]   ✓ 合計金額: 9978.00億円
2025-10-31 16:36:48,995 [INFO]   ✓ 成功: Layer2へMERGE完了
2025-10-31 16:36:49,035 [INFO] [53/179] 20230724_令和5年8月8日付（財務省第二百二号）
2025-10-31 16:36:49,054 [INFO]   ✓ ファイル読み込み: 3397文字
2025-10-31 16:36:49,055 [INFO]   ✓ パターン: NUMBERED_LIST (信頼度: 0.90)
2025-10-31 16:36:49,056 [INFO]   ✓ データ抽出: 2件
2025-10-31 16:36:49,056 [INFO]   ✓ 合計金額: 9996.00億円
2025-10-31 16:36:53,679 [INFO]   ✓ 成功: Layer2へMERGE完了
2025-10-31 16:36:53,716 [INFO] [54/179] 20230726_令和5年8月8日付（財務省第二百号）
2025-10-31 16:36:53,736 [INFO]   ✓ ファイル読み込み: 1448文字
2025-10-31 16:36:53,737 [INFO]   ✓ パターン: NUMBERED_LIST (信頼度: 0.90)
2025-10-31 16:36:53,737 [INFO]   ✓ データ抽出: 2件
2025-10-31 16:36:53,738 [INFO]   ✓ 合計金額: 7604.00億円
2025-10-31 16:36:58,883 [INFO]   ✓ 成功: Layer2へMERGE完了
2025-10-31 16:36:58,909 [INFO] [55/179] 20230801_令和5年9月7日付（財務省第二百十六号）
2025-10-31 16:36:58,928 [INFO]   ✓ ファイル読み込み: 1645文字
2025-10-31 16:36:58,928 [INFO]   ✓ パターン: NUMBERED_LIST (信頼度: 0.90)
2025-10-31 16:36:58,929 [INFO]   ✓ データ抽出: 4件
2025-10-31 16:36:58,930 [INFO]   ✓ 合計金額: 52570.00億円
2025-10-31 16:37:06,582 [INFO]   ✓ 成功: Layer2へMERGE完了
2025-10-31 16:37:06,623 [INFO] [56/179] 20230802_令和5年9月7日付（財務省第二百十八号）
2025-10-31 16:37:06,643 [INFO]   ✓ ファイル読み込み: 1693文字
2025-10-31 16:37:06,644 [INFO]   ✓ パターン: NUMBERED_LIST (信頼度: 0.90)
2025-10-31 16:37:06,644 [INFO]   ✓ データ抽出: 1件
2025-10-31 16:37:06,645 [INFO]   ✓ 合計金額: 2499.00億円
2025-10-31 16:37:12,063 [INFO]   ✓ 成功: Layer2へMERGE完了
2025-10-31 16:37:12,092 [INFO] [57/179] 20230804_令和5年9月7日付（財務省第二百十九号）
2025-10-31 16:37:12,113 [INFO]   ✓ ファイル読み込み: 2295文字
2025-10-31 16:37:12,114 [INFO]   ✓ パターン: NUMBERED_LIST (信頼度: 0.90)
2025-10-31 16:37:12,115 [INFO]   ✓ データ抽出: 6件
2025-10-31 16:37:12,115 [INFO]   ✓ 合計金額: 50697.14億円
2025-10-31 16:37:16,591 [INFO]   ✓ 成功: Layer2へMERGE完了
2025-10-31 16:37:16,629 [INFO] [58/179] 20230807_令和5年9月7日付（財務省第二百二十五号）
2025-10-31 16:37:16,648 [INFO]   ✓ ファイル読み込み: 1046文字
2025-10-31 16:37:16,649 [INFO]   ✓ パターン: NUMBERED_LIST (信頼度: 0.90)
2025-10-31 16:37:16,649 [INFO]   ✓ データ抽出: 1件
2025-10-31 16:37:16,649 [INFO]   ✓ 合計金額: 61.09億円
2025-10-31 16:37:23,237 [INFO]   ✓ 成功: Layer2へMERGE完了
2025-10-31 16:37:23,261 [INFO] [59/179] 20230809_令和5年9月7日付（財務省第二百二十一号）
2025-10-31 16:37:23,280 [INFO]   ✓ ファイル読み込み: 1723文字
2025-10-31 16:37:23,281 [INFO]   ✓ パターン: NUMBERED_LIST (信頼度: 0.90)
2025-10-31 16:37:23,282 [INFO]   ✓ データ抽出: 3件
2025-10-31 16:37:23,282 [INFO]   ✓ 合計金額: 9723.00億円
2025-10-31 16:37:28,290 [INFO]   ✓ 成功: Layer2へMERGE完了
2025-10-31 16:37:28,321 [INFO] [60/179] 20230810_令和5年9月7日付（財務省第二百二十四号）
2025-10-31 16:37:28,368 [INFO]   ✓ ファイル読み込み: 1047文字
2025-10-31 16:37:28,369 [INFO]   ✓ パターン: NUMBERED_LIST (信頼度: 0.90)
2025-10-31 16:37:28,369 [INFO]   ✓ データ抽出: 1件
2025-10-31 16:37:28,369 [INFO]   ✓ 合計金額: 19.68億円
2025-10-31 16:37:33,198 [INFO]   ✓ 成功: Layer2へMERGE完了
2025-10-31 16:37:33,230 [INFO] [61/179] 20230815_令和5年9月7日付（財務省第二百二十七号）
2025-10-31 16:37:33,251 [INFO]   ✓ ファイル読み込み: 1732文字
2025-10-31 16:37:33,252 [INFO]   ✓ パターン: NUMBERED_LIST (信頼度: 0.90)
2025-10-31 16:37:33,253 [INFO]   ✓ データ抽出: 1件
2025-10-31 16:37:33,254 [INFO]   ✓ 合計金額: 106.34億円
2025-10-31 16:37:39,256 [INFO]   ✓ 成功: Layer2へMERGE完了
2025-10-31 16:37:39,295 [INFO] [62/179] 20230815_令和5年9月7日付（財務省第二百二十八号）
2025-10-31 16:37:39,318 [INFO]   ✓ ファイル読み込み: 2045文字
2025-10-31 16:37:39,319 [INFO]   ✓ パターン: NUMBERED_LIST (信頼度: 0.90)
2025-10-31 16:37:39,320 [INFO]   ✓ データ抽出: 1件
2025-10-31 16:37:39,320 [INFO]   ✓ 合計金額: 1531.73億円
2025-10-31 16:37:44,096 [INFO]   ✓ 成功: Layer2へMERGE完了
2025-10-31 16:37:44,111 [INFO] [63/179] 20230815_令和5年9月7日付（財務省第二百二十六号）
2025-10-31 16:37:44,131 [INFO]   ✓ ファイル読み込み: 1731文字
2025-10-31 16:37:44,131 [INFO]   ✓ パターン: NUMBERED_LIST (信頼度: 0.90)
2025-10-31 16:37:44,132 [INFO]   ✓ データ抽出: 1件
2025-10-31 16:37:44,132 [INFO]   ✓ 合計金額: 359.31億円
2025-10-31 16:37:49,390 [INFO]   ✓ 成功: Layer2へMERGE完了
2025-10-31 16:37:49,415 [INFO] [64/179] 20230816_令和5年9月7日付（財務省第二百十七号）
2025-10-31 16:37:49,437 [INFO]   ✓ ファイル読み込み: 1731文字
2025-10-31 16:37:49,437 [INFO]   ✓ パターン: NUMBERED_LIST (信頼度: 0.90)
2025-10-31 16:37:49,439 [INFO]   ✓ データ抽出: 3件
2025-10-31 16:37:49,439 [INFO]   ✓ 合計金額: 24993.00億円
2025-10-31 16:37:55,061 [INFO]   ✓ 成功: Layer2へMERGE完了
2025-10-31 16:37:55,103 [INFO] [65/179] 20230818_令和5年9月7日付（財務省第二百二十号）
2025-10-31 16:37:55,124 [INFO]   ✓ ファイル読み込み: 1755文字
2025-10-31 16:37:55,124 [INFO]   ✓ パターン: NUMBERED_LIST (信頼度: 0.90)
2025-10-31 16:37:55,125 [INFO]   ✓ データ抽出: 4件
2025-10-31 16:37:55,125 [INFO]   ✓ 合計金額: 21924.00億円
2025-10-31 16:38:00,662 [INFO]   ✓ 成功: Layer2へMERGE完了
2025-10-31 16:38:00,694 [INFO] [66/179] 20230821_令和5年9月8日付（財務省第二百三十二号）
2025-10-31 16:38:00,729 [INFO]   ✓ ファイル読み込み: 1205文字
2025-10-31 16:38:00,730 [INFO]   ✓ パターン: NUMBERED_LIST (信頼度: 0.90)
2025-10-31 16:38:00,730 [INFO]   ✓ データ抽出: 2件
2025-10-31 16:38:00,731 [INFO]   ✓ 合計金額: 34999.90億円
2025-10-31 16:38:06,206 [INFO]   ✓ 成功: Layer2へMERGE完了
2025-10-31 16:38:06,233 [INFO] [67/179] 20230823_令和5年9月7日付（財務省第二百二十二号）
2025-10-31 16:38:06,250 [INFO]   ✓ ファイル読み込み: 2807文字
2025-10-31 16:38:06,251 [INFO]   ✓ パターン: NUMBERED_LIST (信頼度: 0.90)
2025-10-31 16:38:06,252 [INFO]   ✓ データ抽出: 2件
2025-10-31 16:38:06,252 [INFO]   ✓ 合計金額: 9978.00億円
2025-10-31 16:38:10,803 [INFO]   ✓ 成功: Layer2へMERGE完了
2025-10-31 16:38:10,845 [INFO] [68/179] 20230825_令和5年9月7日付（財務省第二百二十三号）
2025-10-31 16:38:10,869 [INFO]   ✓ ファイル読み込み: 3728文字
2025-10-31 16:38:10,869 [INFO]   ✓ パターン: NUMBERED_LIST (信頼度: 0.90)
2025-10-31 16:38:10,871 [INFO]   ✓ データ抽出: 1件
2025-10-31 16:38:10,871 [INFO]   ✓ 合計金額: 4997.00億円
2025-10-31 16:38:17,825 [INFO]   ✓ 成功: Layer2へMERGE完了
2025-10-31 16:38:17,866 [INFO] [69/179] 20230901_令和5年10月11日付（財務省第二百四十八号）
2025-10-31 16:38:17,885 [INFO]   ✓ ファイル読み込み: 1657文字
2025-10-31 16:38:17,886 [INFO]   ✓ パターン: NUMBERED_LIST (信頼度: 0.90)
2025-10-31 16:38:17,887 [INFO]   ✓ データ抽出: 4件
2025-10-31 16:38:17,887 [INFO]   ✓ 合計金額: 52430.00億円
2025-10-31 16:38:23,358 [INFO]   ✓ 成功: Layer2へMERGE完了
2025-10-31 16:38:23,391 [INFO] [70/179] 20230906_令和5年10月11日付（財務省第二百五十号）
2025-10-31 16:38:23,408 [INFO]   ✓ ファイル読み込み: 2294文字
2025-10-31 16:38:23,409 [INFO]   ✓ パターン: NUMBERED_LIST (信頼度: 0.90)
2025-10-31 16:38:23,410 [INFO]   ✓ データ抽出: 6件
2025-10-31 16:38:23,411 [INFO]   ✓ 合計金額: 50902.97億円
2025-10-31 16:38:28,790 [INFO]   ✓ 成功: Layer2へMERGE完了
2025-10-31 16:38:28,820 [INFO] [71/179] 20230907_令和5年10月11日付（財務省第二百五十七号）
2025-10-31 16:38:28,836 [INFO]   ✓ ファイル読み込み: 1057文字
2025-10-31 16:38:28,837 [INFO]   ✓ パターン: NUMBERED_LIST (信頼度: 0.90)
2025-10-31 16:38:28,837 [INFO]   ✓ データ抽出: 1件
2025-10-31 16:38:28,838 [INFO]   ✓ 合計金額: 95.04億円
2025-10-31 16:38:34,799 [INFO]   ✓ 成功: Layer2へMERGE完了
2025-10-31 16:38:34,826 [INFO] [72/179] 20230908_令和5年10月11日付（財務省第二百五十二号）
2025-10-31 16:38:34,846 [INFO]   ✓ ファイル読み込み: 1756文字
2025-10-31 16:38:34,846 [INFO]   ✓ パターン: NUMBERED_LIST (信頼度: 0.90)
2025-10-31 16:38:34,847 [INFO]   ✓ データ抽出: 5件
2025-10-31 16:38:34,847 [INFO]   ✓ 合計金額: 16245.00億円
2025-10-31 16:38:40,762 [INFO]   ✓ 成功: Layer2へMERGE完了
2025-10-31 16:38:40,777 [INFO] [73/179] 20230912_令和5年10月11日付（財務省第二百五十六号）
2025-10-31 16:38:40,795 [INFO]   ✓ ファイル読み込み: 1060文字
2025-10-31 16:38:40,795 [INFO]   ✓ パターン: NUMBERED_LIST (信頼度: 0.90)
2025-10-31 16:38:40,796 [INFO]   ✓ データ抽出: 1件
2025-10-31 16:38:40,796 [INFO]   ✓ 合計金額: 12.69億円
2025-10-31 16:38:48,697 [INFO]   ✓ 成功: Layer2へMERGE完了
2025-10-31 16:38:48,724 [INFO] [74/179] 20230913_令和5年10月11日付（財務省第二百四十九号）
2025-10-31 16:38:48,744 [INFO]   ✓ ファイル読み込み: 2297文字
2025-10-31 16:38:48,745 [INFO]   ✓ パターン: NUMBERED_LIST (信頼度: 0.90)
2025-10-31 16:38:48,745 [INFO]   ✓ データ抽出: 6件
2025-10-31 16:38:48,746 [INFO]   ✓ 合計金額: 47671.00億円
2025-10-31 16:38:54,430 [INFO]   ✓ 成功: Layer2へMERGE完了
2025-10-31 16:38:54,477 [INFO] [75/179] 20230915_令和5年10月11日付（財務省第二百五十一号）
2025-10-31 16:38:54,495 [INFO]   ✓ ファイル読み込み: 2190文字
2025-10-31 16:38:54,495 [INFO]   ✓ パターン: NUMBERED_LIST (信頼度: 0.90)
2025-10-31 16:38:54,495 [INFO]   ✓ データ抽出: 7件
2025-10-31 16:38:54,497 [INFO]   ✓ 合計金額: 22884.00億円
2025-10-31 16:39:00,077 [INFO]   ✓ 成功: Layer2へMERGE完了
2025-10-31 16:39:00,109 [INFO] [76/179] 20230915_令和5年10月11日付（財務省第二百五十九号）
2025-10-31 16:39:00,128 [INFO]   ✓ ファイル読み込み: 1744文字
2025-10-31 16:39:00,128 [INFO]   ✓ パターン: NUMBERED_LIST (信頼度: 0.90)
2025-10-31 16:39:00,129 [INFO]   ✓ データ抽出: 2件
2025-10-31 16:39:00,129 [INFO]   ✓ 合計金額: 1053.22億円
2025-10-31 16:39:05,000 [INFO]   ✓ 成功: Layer2へMERGE完了
2025-10-31 16:39:05,034 [INFO] [77/179] 20230915_令和5年10月11日付（財務省第二百五十八号）
2025-10-31 16:39:05,054 [INFO]   ✓ ファイル読み込み: 1743文字
2025-10-31 16:39:05,055 [INFO]   ✓ パターン: NUMBERED_LIST (信頼度: 0.90)
2025-10-31 16:39:05,055 [INFO]   ✓ データ抽出: 2件
2025-10-31 16:39:05,055 [INFO]   ✓ 合計金額: 377.30億円
2025-10-31 16:39:10,049 [INFO]   ✓ 成功: Layer2へMERGE完了
2025-10-31 16:39:10,082 [INFO] [78/179] 20230915_令和5年10月11日付（財務省第二百六十号）
2025-10-31 16:39:10,101 [INFO]   ✓ ファイル読み込み: 2057文字
2025-10-31 16:39:10,102 [INFO]   ✓ パターン: NUMBERED_LIST (信頼度: 0.90)
2025-10-31 16:39:10,103 [INFO]   ✓ データ抽出: 2件
2025-10-31 16:39:10,103 [INFO]   ✓ 合計金額: 4449.89億円
2025-10-31 16:39:14,988 [INFO]   ✓ 成功: Layer2へMERGE完了
2025-10-31 16:39:15,028 [INFO] [79/179] 20230920_令和5年10月11日付（財務省第二百五十四号）
2025-10-31 16:39:15,047 [INFO]   ✓ ファイル読み込み: 3178文字
2025-10-31 16:39:15,048 [INFO]   ✓ パターン: NUMBERED_LIST (信頼度: 0.90)
2025-10-31 16:39:15,049 [INFO]   ✓ データ抽出: 1件
2025-10-31 16:39:15,050 [INFO]   ✓ 合計金額: 4985.00億円
2025-10-31 16:39:19,838 [INFO]   ✓ 成功: Layer2へMERGE完了
2025-10-31 16:39:19,867 [INFO] [80/179] 20230920_令和5年10月5日付（財務省第二百四十六号）
2025-10-31 16:39:19,887 [INFO]   ✓ ファイル読み込み: 1204文字
2025-10-31 16:39:19,887 [INFO]   ✓ パターン: NUMBERED_LIST (信頼度: 0.90)
2025-10-31 16:39:19,888 [INFO]   ✓ データ抽出: 2件
2025-10-31 16:39:19,888 [INFO]   ✓ 合計金額: 34999.90億円
2025-10-31 16:39:26,763 [INFO]   ✓ 成功: Layer2へMERGE完了
2025-10-31 16:39:26,809 [INFO] [81/179] 20230922_令和5年10月11日付（財務省第二百五十五号）
2025-10-31 16:39:26,831 [INFO]   ✓ ファイル読み込み: 3338文字
2025-10-31 16:39:26,832 [INFO]   ✓ パターン: NUMBERED_LIST (信頼度: 0.90)
2025-10-31 16:39:26,833 [INFO]   ✓ データ抽出: 2件
2025-10-31 16:39:26,833 [INFO]   ✓ 合計金額: 9980.00億円
2025-10-31 16:39:33,921 [INFO]   ✓ 成功: Layer2へMERGE完了
2025-10-31 16:39:33,952 [INFO] [82/179] 20230927_令和5年10月11日付（財務省第二百五十三号）
2025-10-31 16:39:33,974 [INFO]   ✓ ファイル読み込み: 1283文字
2025-10-31 16:39:33,974 [INFO]   ✓ パターン: NUMBERED_LIST (信頼度: 0.90)
2025-10-31 16:39:33,975 [INFO]   ✓ データ抽出: 4件
2025-10-31 16:39:33,975 [INFO]   ✓ 合計金額: 20988.00億円
2025-10-31 16:39:39,098 [INFO]   ✓ 成功: Layer2へMERGE完了
2025-10-31 16:39:39,135 [INFO] [83/179] 20231002_令和5年11月9日付（財務省第二百六十九号）
2025-10-31 16:39:39,158 [INFO]   ✓ ファイル読み込み: 2028文字
2025-10-31 16:39:39,158 [INFO]   ✓ パターン: NUMBERED_LIST (信頼度: 0.90)
2025-10-31 16:39:39,159 [INFO]   ✓ データ抽出: 5件
2025-10-31 16:39:39,160 [INFO]   ✓ 合計金額: 54408.00億円
2025-10-31 16:39:44,659 [INFO]   ✓ 成功: Layer2へMERGE完了
2025-10-31 16:39:44,686 [INFO] [84/179] 20231004_令和5年11月9日付（財務省第二百七十一号）
2025-10-31 16:39:44,705 [INFO]   ✓ ファイル読み込み: 2293文字
2025-10-31 16:39:44,706 [INFO]   ✓ パターン: NUMBERED_LIST (信頼度: 0.90)
2025-10-31 16:39:44,707 [INFO]   ✓ データ抽出: 6件
2025-10-31 16:39:44,708 [INFO]   ✓ 合計金額: 50654.44億円
2025-10-31 16:39:49,215 [INFO]   ✓ 成功: Layer2へMERGE完了
2025-10-31 16:39:49,259 [INFO] [85/179] 20231006_令和5年11月9日付（財務省第二百七十三号）
2025-10-31 16:39:49,284 [INFO]   ✓ ファイル読み込み: 1687文字
2025-10-31 16:39:49,285 [INFO]   ✓ パターン: NUMBERED_LIST (信頼度: 0.90)
2025-10-31 16:39:49,286 [INFO]   ✓ データ抽出: 4件
2025-10-31 16:39:49,287 [INFO]   ✓ 合計金額: 16305.00億円
2025-10-31 16:39:56,008 [INFO]   ✓ 成功: Layer2へMERGE完了
2025-10-31 16:39:56,034 [INFO] [86/179] 20231010_令和5年11月13日付（財務省第二百八十二号）
2025-10-31 16:39:56,056 [INFO]   ✓ ファイル読み込み: 1627文字
2025-10-31 16:39:56,057 [INFO]   ✓ パターン: NUMBERED_LIST (信頼度: 0.90)
2025-10-31 16:39:56,058 [INFO]   ✓ データ抽出: 4件
2025-10-31 16:39:56,058 [INFO]   ✓ 合計金額: 73686.00億円
2025-10-31 16:40:01,391 [INFO]   ✓ 成功: Layer2へMERGE完了
2025-10-31 16:40:01,423 [INFO] [87/179] 20231010_令和5年11月9日付（財務省第二百七十七号）
2025-10-31 16:40:01,442 [INFO]   ✓ ファイル読み込み: 1050文字
2025-10-31 16:40:01,443 [INFO]   ✓ パターン: NUMBERED_LIST (信頼度: 0.90)
2025-10-31 16:40:01,444 [INFO]   ✓ データ抽出: 1件
2025-10-31 16:40:01,444 [INFO]   ✓ 合計金額: 63.49億円
2025-10-31 16:40:06,364 [INFO]   ✓ 成功: Layer2へMERGE完了
2025-10-31 16:40:06,393 [INFO] [88/179] 20231012_令和5年11月9日付（財務省第二百七十六号）
2025-10-31 16:40:06,414 [INFO]   ✓ ファイル読み込み: 1052文字
2025-10-31 16:40:06,415 [INFO]   ✓ パターン: NUMBERED_LIST (信頼度: 0.90)
2025-10-31 16:40:06,415 [INFO]   ✓ データ抽出: 1件
2025-10-31 16:40:06,415 [INFO]   ✓ 合計金額: 21.74億円
2025-10-31 16:40:11,365 [INFO]   ✓ 成功: Layer2へMERGE完了
2025-10-31 16:40:11,404 [INFO] [89/179] 20231012_令和5年11月9日付（財務省第二百七十号）
2025-10-31 16:40:11,426 [INFO]   ✓ ファイル読み込み: 2291文字
2025-10-31 16:40:11,427 [INFO]   ✓ パターン: NUMBERED_LIST (信頼度: 0.90)
2025-10-31 16:40:11,428 [INFO]   ✓ データ抽出: 6件
2025-10-31 16:40:11,428 [INFO]   ✓ 合計金額: 46986.30億円
2025-10-31 16:40:16,898 [INFO]   ✓ 成功: Layer2へMERGE完了
2025-10-31 16:40:16,928 [INFO] [90/179] 20231016_令和5年11月9日付（財務省第二百七十九号）
2025-10-31 16:40:16,945 [INFO]   ✓ ファイル読み込み: 1758文字
2025-10-31 16:40:16,946 [INFO]   ✓ パターン: NUMBERED_LIST (信頼度: 0.90)
2025-10-31 16:40:16,947 [INFO]   ✓ データ抽出: 1件
2025-10-31 16:40:16,948 [INFO]   ✓ 合計金額: 497.80億円
2025-10-31 16:40:22,035 [INFO]   ✓ 成功: Layer2へMERGE完了
2025-10-31 16:40:22,092 [INFO] [91/179] 20231016_令和5年11月9日付（財務省第二百七十八号）
2025-10-31 16:40:22,114 [INFO]   ✓ ファイル読み込み: 1756文字
2025-10-31 16:40:22,114 [INFO]   ✓ パターン: NUMBERED_LIST (信頼度: 0.90)
2025-10-31 16:40:22,115 [INFO]   ✓ データ抽出: 1件
2025-10-31 16:40:22,115 [INFO]   ✓ 合計金額: 140.02億円
2025-10-31 16:40:28,299 [INFO]   ✓ 成功: Layer2へMERGE完了
2025-10-31 16:40:28,312 [INFO] [92/179] 20231016_令和5年11月9日付（財務省第二百八十号）
2025-10-31 16:40:28,333 [INFO]   ✓ ファイル読み込み: 2069文字
2025-10-31 16:40:28,333 [INFO]   ✓ パターン: NUMBERED_LIST (信頼度: 0.90)
2025-10-31 16:40:28,334 [INFO]   ✓ データ抽出: 1件
2025-10-31 16:40:28,335 [INFO]   ✓ 合計金額: 2733.21億円
2025-10-31 16:40:34,931 [INFO]   ✓ 成功: Layer2へMERGE完了
2025-10-31 16:40:34,960 [INFO] [93/179] 20231018_令和5年11月9日付（財務省第二百七十二号）
2025-10-31 16:40:34,980 [INFO]   ✓ ファイル読み込み: 2133文字
2025-10-31 16:40:34,981 [INFO]   ✓ パターン: NUMBERED_LIST (信頼度: 0.90)
2025-10-31 16:40:34,983 [INFO]   ✓ データ抽出: 6件
2025-10-31 16:40:34,983 [INFO]   ✓ 合計金額: 21951.00億円
2025-10-31 16:40:40,289 [INFO]   ✓ 成功: Layer2へMERGE完了
2025-10-31 16:40:40,325 [INFO] [94/179] 20231020_令和5年11月13日付（財務省第二百八十五号）
2025-10-31 16:40:40,364 [INFO]   ✓ ファイル読み込み: 1209文字
2025-10-31 16:40:40,365 [INFO]   ✓ パターン: NUMBERED_LIST (信頼度: 0.90)
2025-10-31 16:40:40,366 [INFO]   ✓ データ抽出: 2件
2025-10-31 16:40:40,367 [INFO]   ✓ 合計金額: 34999.70億円
2025-10-31 16:40:45,170 [INFO]   ✓ 成功: Layer2へMERGE完了
2025-10-31 16:40:45,185 [INFO] [95/179] 20231020_令和5年11月9日付（財務省第二百七十四号）
2025-10-31 16:40:45,208 [INFO]   ✓ ファイル読み込み: 3708文字
2025-10-31 16:40:45,208 [INFO]   ✓ パターン: NUMBERED_LIST (信頼度: 0.90)
2025-10-31 16:40:45,210 [INFO]   ✓ データ抽出: 1件
2025-10-31 16:40:45,210 [INFO]   ✓ 合計金額: 4983.00億円
2025-10-31 16:40:52,311 [INFO]   ✓ 成功: Layer2へMERGE完了
2025-10-31 16:40:52,350 [INFO] [96/179] 20231026_令和5年11月9日付（財務省第二百七十五号）
2025-10-31 16:40:52,377 [INFO]   ✓ ファイル読み込み: 4688文字
2025-10-31 16:40:52,378 [INFO]   ✓ パターン: NUMBERED_LIST (信頼度: 0.90)
2025-10-31 16:40:52,379 [INFO]   ✓ データ抽出: 2件
2025-10-31 16:40:52,379 [INFO]   ✓ 合計金額: 9968.00億円
2025-10-31 16:40:58,835 [INFO]   ✓ 成功: Layer2へMERGE完了
2025-10-31 16:40:58,865 [INFO] [97/179] 20231101_令和5年12月12日付（財務省第二百九十九号）
2025-10-31 16:40:58,885 [INFO]   ✓ ファイル読み込み: 1638文字
2025-10-31 16:40:58,885 [INFO]   ✓ パターン: NUMBERED_LIST (信頼度: 0.90)
2025-10-31 16:40:58,886 [INFO]   ✓ データ抽出: 4件
2025-10-31 16:40:58,886 [INFO]   ✓ 合計金額: 52502.00億円
2025-10-31 16:41:04,060 [INFO]   ✓ 成功: Layer2へMERGE完了
2025-10-31 16:41:04,095 [INFO] [98/179] 20231106_令和5年12月12日付（財務省第三百一号）
2025-10-31 16:41:04,118 [INFO]   ✓ ファイル読み込み: 1729文字
2025-10-31 16:41:04,119 [INFO]   ✓ パターン: NUMBERED_LIST (信頼度: 0.90)
2025-10-31 16:41:04,119 [INFO]   ✓ データ抽出: 3件
2025-10-31 16:41:04,119 [INFO]   ✓ 合計金額: 26992.28億円
2025-10-31 16:41:11,821 [INFO]   ✓ 成功: Layer2へMERGE完了
2025-10-31 16:41:11,849 [INFO] [99/179] 20231108_令和5年12月12日付（財務省第三百二号）
2025-10-31 16:41:11,877 [INFO]   ✓ ファイル読み込み: 1696文字
2025-10-31 16:41:11,878 [INFO]   ✓ パターン: NUMBERED_LIST (信頼度: 0.90)
2025-10-31 16:41:11,878 [INFO]   ✓ データ抽出: 2件
2025-10-31 16:41:11,878 [INFO]   ✓ 合計金額: 4998.00億円
2025-10-31 16:41:16,968 [INFO]   ✓ 成功: Layer2へMERGE完了
2025-10-31 16:41:17,002 [INFO] [100/179] 20231109_令和5年12月12日付（財務省第三百八号）
2025-10-31 16:41:17,027 [INFO]   ✓ ファイル読み込み: 1045文字
2025-10-31 16:41:17,029 [INFO]   ✓ パターン: NUMBERED_LIST (信頼度: 0.90)
2025-10-31 16:41:17,030 [INFO]   ✓ データ抽出: 1件
2025-10-31 16:41:17,030 [INFO]   ✓ 合計金額: 8.30億円
2025-10-31 16:41:22,096 [INFO]   ✓ 成功: Layer2へMERGE完了
2025-10-31 16:41:22,119 [INFO] [101/179] 20231109_令和5年12月12日付（財務省第三百十号）
2025-10-31 16:41:22,148 [INFO]   ✓ ファイル読み込み: 1050文字
2025-10-31 16:41:22,148 [INFO]   ✓ パターン: NUMBERED_LIST (信頼度: 0.90)
2025-10-31 16:41:22,148 [INFO]   ✓ データ抽出: 1件
2025-10-31 16:41:22,150 [INFO]   ✓ 合計金額: 132.85億円
2025-10-31 16:41:26,924 [INFO]   ✓ 成功: Layer2へMERGE完了
2025-10-31 16:41:26,958 [INFO] [102/179] 20231110_令和5年12月12日付（財務省第三百四号）
2025-10-31 16:41:27,029 [INFO]   ✓ ファイル読み込み: 1954文字
2025-10-31 16:41:27,030 [INFO]   ✓ パターン: NUMBERED_LIST (信頼度: 0.90)
2025-10-31 16:41:27,031 [INFO]   ✓ データ抽出: 5件
2025-10-31 16:41:27,031 [INFO]   ✓ 合計金額: 17126.00億円
2025-10-31 16:41:32,259 [INFO]   ✓ 成功: Layer2へMERGE完了
2025-10-31 16:41:32,304 [INFO] [103/179] 20231110_令和5年12月8日付（財務省第二百九十四号）
2025-10-31 16:41:32,326 [INFO]   ✓ ファイル読み込み: 1628文字
2025-10-31 16:41:32,326 [INFO]   ✓ パターン: NUMBERED_LIST (信頼度: 0.90)
2025-10-31 16:41:32,327 [INFO]   ✓ データ抽出: 4件
2025-10-31 16:41:32,327 [INFO]   ✓ 合計金額: 72951.40億円
2025-10-31 16:41:39,043 [INFO]   ✓ 成功: Layer2へMERGE完了
2025-10-31 16:41:39,060 [INFO] [104/179] 20231113_令和5年12月12日付（財務省第三百九号）
2025-10-31 16:41:39,085 [INFO]   ✓ ファイル読み込み: 1046文字
2025-10-31 16:41:39,086 [INFO]   ✓ パターン: NUMBERED_LIST (信頼度: 0.90)
2025-10-31 16:41:39,087 [INFO]   ✓ データ抽出: 1件
2025-10-31 16:41:39,087 [INFO]   ✓ 合計金額: 7.48億円
2025-10-31 16:41:45,311 [INFO]   ✓ 成功: Layer2へMERGE完了
2025-10-31 16:41:45,325 [INFO] [105/179] 20231115_令和5年12月12日付（財務省第三百十一号）
2025-10-31 16:41:45,348 [INFO]   ✓ ファイル読み込み: 1743文字
2025-10-31 16:41:45,349 [INFO]   ✓ パターン: NUMBERED_LIST (信頼度: 0.90)
2025-10-31 16:41:45,349 [INFO]   ✓ データ抽出: 1件
2025-10-31 16:41:45,349 [INFO]   ✓ 合計金額: 192.95億円
2025-10-31 16:41:50,877 [INFO]   ✓ 成功: Layer2へMERGE完了
2025-10-31 16:41:50,898 [INFO] [106/179] 20231115_令和5年12月12日付（財務省第三百十三号）
2025-10-31 16:41:50,922 [INFO]   ✓ ファイル読み込み: 2057文字
2025-10-31 16:41:50,923 [INFO]   ✓ パターン: NUMBERED_LIST (信頼度: 0.90)
2025-10-31 16:41:50,923 [INFO]   ✓ データ抽出: 1件
2025-10-31 16:41:50,925 [INFO]   ✓ 合計金額: 2453.21億円
2025-10-31 16:41:57,510 [INFO]   ✓ 成功: Layer2へMERGE完了
2025-10-31 16:41:57,545 [INFO] [107/179] 20231115_令和5年12月12日付（財務省第三百十二号）
2025-10-31 16:41:57,569 [INFO]   ✓ ファイル読み込み: 1744文字
2025-10-31 16:41:57,569 [INFO]   ✓ パターン: NUMBERED_LIST (信頼度: 0.90)
2025-10-31 16:41:57,570 [INFO]   ✓ データ抽出: 1件
2025-10-31 16:41:57,570 [INFO]   ✓ 合計金額: 812.50億円
2025-10-31 16:42:02,165 [INFO]   ✓ 成功: Layer2へMERGE完了
2025-10-31 16:42:02,212 [INFO] [108/179] 20231115_令和5年12月12日付（財務省第三百号）
2025-10-31 16:42:02,234 [INFO]   ✓ ファイル読み込み: 2288文字
2025-10-31 16:42:02,235 [INFO]   ✓ パターン: NUMBERED_LIST (信頼度: 0.90)
2025-10-31 16:42:02,235 [INFO]   ✓ データ抽出: 6件
2025-10-31 16:42:02,235 [INFO]   ✓ 合計金額: 47755.50億円
2025-10-31 16:42:10,364 [INFO]   ✓ 成功: Layer2へMERGE完了
2025-10-31 16:42:10,404 [INFO] [109/179] 20231117_令和5年12月12日付（財務省第三百六号）
2025-10-31 16:42:10,428 [INFO]   ✓ ファイル読み込み: 3022文字
2025-10-31 16:42:10,429 [INFO]   ✓ パターン: NUMBERED_LIST (信頼度: 0.90)
2025-10-31 16:42:10,430 [INFO]   ✓ データ抽出: 2件
2025-10-31 16:42:10,430 [INFO]   ✓ 合計金額: 9990.00億円
2025-10-31 16:42:15,825 [INFO]   ✓ 成功: Layer2へMERGE完了
2025-10-31 16:42:15,854 [INFO] [110/179] 20231120_令和5年12月8日付（財務省第二百九十六号）
2025-10-31 16:42:15,875 [INFO]   ✓ ファイル読み込み: 1209文字
2025-10-31 16:42:15,875 [INFO]   ✓ パターン: NUMBERED_LIST (信頼度: 0.90)
2025-10-31 16:42:15,875 [INFO]   ✓ データ抽出: 2件
2025-10-31 16:42:15,876 [INFO]   ✓ 合計金額: 34999.80億円
2025-10-31 16:42:21,028 [INFO]   ✓ 成功: Layer2へMERGE完了
2025-10-31 16:42:21,053 [INFO] [111/179] 20231122_令和5年12月12日付（財務省第三百三号）
2025-10-31 16:42:21,074 [INFO]   ✓ ファイル読み込み: 2111文字
2025-10-31 16:42:21,075 [INFO]   ✓ パターン: NUMBERED_LIST (信頼度: 0.90)
2025-10-31 16:42:21,078 [INFO]   ✓ データ抽出: 6件
2025-10-31 16:42:21,079 [INFO]   ✓ 合計金額: 22840.00億円
2025-10-31 16:42:26,992 [INFO]   ✓ 成功: Layer2へMERGE完了
2025-10-31 16:42:27,018 [INFO] [112/179] 20231127_令和5年12月12日付（財務省第三百七号）
2025-10-31 16:42:27,046 [INFO]   ✓ ファイル読み込み: 3513文字
2025-10-31 16:42:27,047 [INFO]   ✓ パターン: NUMBERED_LIST (信頼度: 0.90)
2025-10-31 16:42:27,048 [INFO]   ✓ データ抽出: 1件
2025-10-31 16:42:27,048 [INFO]   ✓ 合計金額: 4989.00億円
2025-10-31 16:42:31,720 [INFO]   ✓ 成功: Layer2へMERGE完了
2025-10-31 16:42:31,755 [INFO] [113/179] 20231129_令和5年12月12日付（財務省第三百五号）
2025-10-31 16:42:31,777 [INFO]   ✓ ファイル読み込み: 1277文字
2025-10-31 16:42:31,778 [INFO]   ✓ パターン: NUMBERED_LIST (信頼度: 0.90)
2025-10-31 16:42:31,778 [INFO]   ✓ データ抽出: 3件
2025-10-31 16:42:31,779 [INFO]   ✓ 合計金額: 13992.00億円
2025-10-31 16:42:38,160 [INFO]   ✓ 成功: Layer2へMERGE完了
2025-10-31 16:42:38,200 [INFO] [114/179] 20231201_令和6年1月12日付（財務省第二号）
2025-10-31 16:42:38,225 [INFO]   ✓ ファイル読み込み: 1676文字
2025-10-31 16:42:38,226 [INFO]   ✓ パターン: NUMBERED_LIST (信頼度: 0.90)
2025-10-31 16:42:38,228 [INFO]   ✓ データ抽出: 4件
2025-10-31 16:42:38,229 [INFO]   ✓ 合計金額: 52606.00億円
2025-10-31 16:42:44,508 [INFO]   ✓ 成功: Layer2へMERGE完了
2025-10-31 16:42:44,573 [INFO] [115/179] 20231206_令和6年1月12日付（財務省第四号）
2025-10-31 16:42:44,596 [INFO]   ✓ ファイル読み込み: 2295文字
2025-10-31 16:42:44,596 [INFO]   ✓ パターン: NUMBERED_LIST (信頼度: 0.90)
2025-10-31 16:42:44,597 [INFO]   ✓ データ抽出: 6件
2025-10-31 16:42:44,597 [INFO]   ✓ 合計金額: 51167.85億円
2025-10-31 16:42:52,345 [INFO]   ✓ 成功: Layer2へMERGE完了
2025-10-31 16:42:52,368 [INFO] [116/179] 20231208_令和6年1月12日付（財務省第六号）
2025-10-31 16:42:52,392 [INFO]   ✓ ファイル読み込み: 1752文字
2025-10-31 16:42:52,393 [INFO]   ✓ パターン: NUMBERED_LIST (信頼度: 0.90)
2025-10-31 16:42:52,393 [INFO]   ✓ データ抽出: 5件
2025-10-31 16:42:52,394 [INFO]   ✓ 合計金額: 16310.00億円
2025-10-31 16:42:59,559 [INFO]   ✓ 成功: Layer2へMERGE完了
2025-10-31 16:42:59,591 [INFO] [117/179] 20231211_令和6年1月12日付（財務省第九号）
2025-10-31 16:42:59,615 [INFO]   ✓ ファイル読み込み: 1049文字
2025-10-31 16:42:59,615 [INFO]   ✓ パターン: NUMBERED_LIST (信頼度: 0.90)
2025-10-31 16:42:59,616 [INFO]   ✓ データ抽出: 2件
2025-10-31 16:42:59,616 [INFO]   ✓ 合計金額: 23.11億円
2025-10-31 16:43:05,285 [INFO]   ✓ 成功: Layer2へMERGE完了
2025-10-31 16:43:05,329 [INFO] [118/179] 20231211_令和6年1月12日付（財務省第十一号）
2025-10-31 16:43:05,354 [INFO]   ✓ ファイル読み込み: 1056文字
2025-10-31 16:43:05,355 [INFO]   ✓ パターン: NUMBERED_LIST (信頼度: 0.90)
2025-10-31 16:43:05,356 [INFO]   ✓ データ抽出: 2件
2025-10-31 16:43:05,357 [INFO]   ✓ 合計金額: 504.38億円
2025-10-31 16:43:10,504 [INFO]   ✓ 成功: Layer2へMERGE完了
2025-10-31 16:43:10,525 [INFO] [119/179] 20231211_令和6年1月12日付（財務省第十六号）
2025-10-31 16:43:10,544 [INFO]   ✓ ファイル読み込み: 1631文字
2025-10-31 16:43:10,544 [INFO]   ✓ パターン: NUMBERED_LIST (信頼度: 0.90)
2025-10-31 16:43:10,545 [INFO]   ✓ データ抽出: 4件
2025-10-31 16:43:10,545 [INFO]   ✓ 合計金額: 73490.00億円
2025-10-31 16:43:15,759 [INFO]   ✓ 成功: Layer2へMERGE完了
2025-10-31 16:43:15,789 [INFO] [120/179] 20231212_令和6年1月12日付（財務省第十号）
2025-10-31 16:43:15,809 [INFO]   ✓ ファイル読み込み: 1053文字
2025-10-31 16:43:15,810 [INFO]   ✓ パターン: NUMBERED_LIST (信頼度: 0.90)
2025-10-31 16:43:15,812 [INFO]   ✓ データ抽出: 2件
2025-10-31 16:43:15,812 [INFO]   ✓ 合計金額: 27.95億円
2025-10-31 16:43:20,441 [INFO]   ✓ 成功: Layer2へMERGE完了
2025-10-31 16:43:20,493 [INFO] [121/179] 20231213_令和6年1月12日付（財務省第三号）
2025-10-31 16:43:20,519 [INFO]   ✓ ファイル読み込み: 2340文字
2025-10-31 16:43:20,520 [INFO]   ✓ パターン: NUMBERED_LIST (信頼度: 0.90)
2025-10-31 16:43:20,521 [INFO]   ✓ データ抽出: 6件
2025-10-31 16:43:20,522 [INFO]   ✓ 合計金額: 47266.82億円
2025-10-31 16:43:25,474 [INFO]   ✓ 成功: Layer2へMERGE完了
2025-10-31 16:43:25,508 [INFO] [122/179] 20231215_令和6年1月12日付（財務省第五号）
2025-10-31 16:43:25,531 [INFO]   ✓ ファイル読み込み: 1822文字
2025-10-31 16:43:25,532 [INFO]   ✓ パターン: NUMBERED_LIST (信頼度: 0.90)
2025-10-31 16:43:25,533 [INFO]   ✓ データ抽出: 6件
2025-10-31 16:43:25,533 [INFO]   ✓ 合計金額: 21748.00億円
2025-10-31 16:43:30,952 [INFO]   ✓ 成功: Layer2へMERGE完了
2025-10-31 16:43:30,987 [INFO] [123/179] 20231215_令和6年1月12日付（財務省第十三号）
2025-10-31 16:43:31,009 [INFO]   ✓ ファイル読み込み: 1973文字
2025-10-31 16:43:31,009 [INFO]   ✓ パターン: NUMBERED_LIST (信頼度: 0.90)
2025-10-31 16:43:31,009 [INFO]   ✓ データ抽出: 1件
2025-10-31 16:43:31,009 [INFO]   ✓ 合計金額: 1035.52億円
2025-10-31 16:43:37,482 [INFO]   ✓ 成功: Layer2へMERGE完了
2025-10-31 16:43:37,516 [INFO] [124/179] 20231215_令和6年1月12日付（財務省第十二号）
2025-10-31 16:43:37,539 [INFO]   ✓ ファイル読み込み: 1968文字
2025-10-31 16:43:37,540 [INFO]   ✓ パターン: NUMBERED_LIST (信頼度: 0.90)
2025-10-31 16:43:37,541 [INFO]   ✓ データ抽出: 1件
2025-10-31 16:43:37,542 [INFO]   ✓ 合計金額: 214.54億円
2025-10-31 16:43:43,460 [INFO]   ✓ 成功: Layer2へMERGE完了
2025-10-31 16:43:43,498 [INFO] [125/179] 20231215_令和6年1月12日付（財務省第十四号）
2025-10-31 16:43:43,523 [INFO]   ✓ ファイル読み込み: 2285文字
2025-10-31 16:43:43,524 [INFO]   ✓ パターン: NUMBERED_LIST (信頼度: 0.90)
2025-10-31 16:43:43,525 [INFO]   ✓ データ抽出: 1件
2025-10-31 16:43:43,525 [INFO]   ✓ 合計金額: 2249.66億円
2025-10-31 16:43:48,642 [INFO]   ✓ 成功: Layer2へMERGE完了
2025-10-31 16:43:48,684 [INFO] [126/179] 20231220_令和6年1月12日付（財務省第二十号）
2025-10-31 16:43:48,707 [INFO]   ✓ ファイル読み込み: 723文字
2025-10-31 16:43:48,707 [INFO]   ✓ パターン: NUMBERED_LIST (信頼度: 0.90)
2025-10-31 16:43:48,708 [INFO]   ✓ データ抽出: 1件
2025-10-31 16:43:48,708 [INFO]   ✓ 合計金額: 19999.20億円
2025-10-31 16:43:53,917 [INFO]   ✓ 成功: Layer2へMERGE完了
2025-10-31 16:43:53,945 [INFO] [127/179] 20231220_令和6年1月12日付（財務省第十九号）
2025-10-31 16:43:53,969 [INFO]   ✓ ファイル読み込み: 1219文字
2025-10-31 16:43:53,970 [INFO]   ✓ パターン: NUMBERED_LIST (信頼度: 0.90)
2025-10-31 16:43:53,970 [INFO]   ✓ データ抽出: 2件
2025-10-31 16:43:53,970 [INFO]   ✓ 合計金額: 34999.50億円
2025-10-31 16:43:59,184 [INFO]   ✓ 成功: Layer2へMERGE完了
2025-10-31 16:43:59,214 [INFO] [128/179] 20231221_令和6年1月12日付（財務省第七号）
2025-10-31 16:43:59,238 [INFO]   ✓ ファイル読み込み: 2666文字
2025-10-31 16:43:59,240 [INFO]   ✓ パターン: NUMBERED_LIST (信頼度: 0.90)
2025-10-31 16:43:59,244 [INFO]   ✓ データ抽出: 1件
2025-10-31 16:43:59,245 [INFO]   ✓ 合計金額: 4996.00億円
2025-10-31 16:44:04,664 [INFO]   ✓ 成功: Layer2へMERGE完了
2025-10-31 16:44:04,700 [INFO] [129/179] 20231225_令和6年1月12日付（財務省第八号）
2025-10-31 16:44:04,727 [INFO]   ✓ ファイル読み込み: 4304文字
2025-10-31 16:44:04,728 [INFO]   ✓ パターン: NUMBERED_LIST (信頼度: 0.90)
2025-10-31 16:44:04,729 [INFO]   ✓ データ抽出: 1件
2025-10-31 16:44:04,729 [INFO]   ✓ 合計金額: 4995.00億円
2025-10-31 16:44:10,191 [INFO]   ✓ 成功: Layer2へMERGE完了
2025-10-31 16:44:10,219 [INFO] [130/179] 20240104_令和6年2月8日付（財務省第三十二号）
2025-10-31 16:44:10,240 [INFO]   ✓ ファイル読み込み: 1678文字
2025-10-31 16:44:10,240 [INFO]   ✓ パターン: NUMBERED_LIST (信頼度: 0.90)
2025-10-31 16:44:10,241 [INFO]   ✓ データ抽出: 4件
2025-10-31 16:44:10,241 [INFO]   ✓ 合計金額: 52539.00億円
2025-10-31 16:44:16,715 [INFO]   ✓ 成功: Layer2へMERGE完了
2025-10-31 16:44:16,745 [INFO] [131/179] 20240109_令和6年2月8日付（財務省第三十八号）
2025-10-31 16:44:16,768 [INFO]   ✓ ファイル読み込み: 2988文字
2025-10-31 16:44:16,769 [INFO]   ✓ パターン: NUMBERED_LIST (信頼度: 0.90)
2025-10-31 16:44:16,770 [INFO]   ✓ データ抽出: 1件
2025-10-31 16:44:16,770 [INFO]   ✓ 合計金額: 4980.00億円
2025-10-31 16:44:22,135 [INFO]   ✓ 成功: Layer2へMERGE完了
2025-10-31 16:44:22,162 [INFO] [132/179] 20240110_令和6年2月8日付（財務省第四十二号）
2025-10-31 16:44:22,183 [INFO]   ✓ ファイル読み込み: 1042文字
2025-10-31 16:44:22,183 [INFO]   ✓ パターン: NUMBERED_LIST (信頼度: 0.90)
2025-10-31 16:44:22,184 [INFO]   ✓ データ抽出: 1件
2025-10-31 16:44:22,184 [INFO]   ✓ 合計金額: 89.02億円
2025-10-31 16:44:27,975 [INFO]   ✓ 成功: Layer2へMERGE完了
2025-10-31 16:44:28,015 [INFO] [133/179] 20240110_令和6年2月8日付（財務省第四十号）
2025-10-31 16:44:28,039 [INFO]   ✓ ファイル読み込み: 1037文字
2025-10-31 16:44:28,039 [INFO]   ✓ パターン: NUMBERED_LIST (信頼度: 0.90)
2025-10-31 16:44:28,040 [INFO]   ✓ データ抽出: 1件
2025-10-31 16:44:28,040 [INFO]   ✓ 合計金額: 2.43億円
2025-10-31 16:44:33,620 [INFO]   ✓ 成功: Layer2へMERGE完了
2025-10-31 16:44:33,635 [INFO] [134/179] 20240110_令和6年2月9日付（財務省第四十七号）
2025-10-31 16:44:33,658 [INFO]   ✓ ファイル読み込み: 1619文字
2025-10-31 16:44:33,658 [INFO]   ✓ パターン: NUMBERED_LIST (信頼度: 0.90)
2025-10-31 16:44:33,659 [INFO]   ✓ データ抽出: 4件
2025-10-31 16:44:33,660 [INFO]   ✓ 合計金額: 72494.60億円
2025-10-31 16:44:38,944 [INFO]   ✓ 成功: Layer2へMERGE完了
2025-10-31 16:44:38,980 [INFO] [135/179] 20240111_令和6年2月8日付（財務省第三十四号）
2025-10-31 16:44:39,032 [INFO]   ✓ ファイル読み込み: 1956文字
2025-10-31 16:44:39,033 [INFO]   ✓ パターン: NUMBERED_LIST (信頼度: 0.90)
2025-10-31 16:44:39,034 [INFO]   ✓ データ抽出: 5件
2025-10-31 16:44:39,034 [INFO]   ✓ 合計金額: 48782.22億円
2025-10-31 16:44:43,971 [INFO]   ✓ 成功: Layer2へMERGE完了
2025-10-31 16:44:44,049 [INFO] [136/179] 20240115_令和6年2月8日付（財務省第三十六号）
2025-10-31 16:44:44,075 [INFO]   ✓ ファイル読み込み: 1960文字
2025-10-31 16:44:44,075 [INFO]   ✓ パターン: NUMBERED_LIST (信頼度: 0.90)
2025-10-31 16:44:44,076 [INFO]   ✓ データ抽出: 5件
2025-10-31 16:44:44,076 [INFO]   ✓ 合計金額: 17019.00億円
2025-10-31 16:44:49,530 [INFO]   ✓ 成功: Layer2へMERGE完了
2025-10-31 16:44:49,569 [INFO] [137/179] 20240115_令和6年2月8日付（財務省第四十三号）
2025-10-31 16:44:49,594 [INFO]   ✓ ファイル読み込み: 1726文字
2025-10-31 16:44:49,594 [INFO]   ✓ パターン: NUMBERED_LIST (信頼度: 0.90)
2025-10-31 16:44:49,597 [INFO]   ✓ データ抽出: 2件
2025-10-31 16:44:49,597 [INFO]   ✓ 合計金額: 248.14億円
2025-10-31 16:44:54,881 [INFO]   ✓ 成功: Layer2へMERGE完了
2025-10-31 16:44:54,918 [INFO] [138/179] 20240115_令和6年2月8日付（財務省第四十五号）
2025-10-31 16:44:54,939 [INFO]   ✓ ファイル読み込み: 2040文字
2025-10-31 16:44:54,939 [INFO]   ✓ パターン: NUMBERED_LIST (信頼度: 0.90)
2025-10-31 16:44:54,940 [INFO]   ✓ データ抽出: 1件
2025-10-31 16:44:54,940 [INFO]   ✓ 合計金額: 2120.59億円
2025-10-31 16:45:00,792 [INFO]   ✓ 成功: Layer2へMERGE完了
2025-10-31 16:45:00,828 [INFO] [139/179] 20240115_令和6年2月8日付（財務省第四十四号）
2025-10-31 16:45:00,860 [INFO]   ✓ ファイル読み込み: 1727文字
2025-10-31 16:45:00,861 [INFO]   ✓ パターン: NUMBERED_LIST (信頼度: 0.90)
2025-10-31 16:45:00,862 [INFO]   ✓ データ抽出: 2件
2025-10-31 16:45:00,862 [INFO]   ✓ 合計金額: 1274.16億円
2025-10-31 16:45:06,223 [INFO]   ✓ 成功: Layer2へMERGE完了
2025-10-31 16:45:06,239 [INFO] [140/179] 20240116_令和6年2月8日付（財務省第四十一号）
2025-10-31 16:45:06,261 [INFO]   ✓ ファイル読み込み: 1042文字
2025-10-31 16:45:06,261 [INFO]   ✓ パターン: NUMBERED_LIST (信頼度: 0.90)
2025-10-31 16:45:06,262 [INFO]   ✓ データ抽出: 1件
2025-10-31 16:45:06,262 [INFO]   ✓ 合計金額: 26.55億円
2025-10-31 16:45:13,467 [INFO]   ✓ 成功: Layer2へMERGE完了
2025-10-31 16:45:13,485 [INFO] [141/179] 20240117_令和6年2月8日付（財務省第三十三号）
2025-10-31 16:45:13,509 [INFO]   ✓ ファイル読み込み: 1954文字
2025-10-31 16:45:13,512 [INFO]   ✓ パターン: NUMBERED_LIST (信頼度: 0.90)
2025-10-31 16:45:13,514 [INFO]   ✓ データ抽出: 4件
2025-10-31 16:45:13,514 [INFO]   ✓ 合計金額: 25720.00億円
2025-10-31 16:45:18,229 [INFO]   ✓ 成功: Layer2へMERGE完了
2025-10-31 16:45:18,267 [INFO] [142/179] 20240119_令和6年2月8日付（財務省第三十五号）
2025-10-31 16:45:18,289 [INFO]   ✓ ファイル読み込み: 1753文字
2025-10-31 16:45:18,290 [INFO]   ✓ パターン: NUMBERED_LIST (信頼度: 0.90)
2025-10-31 16:45:18,291 [INFO]   ✓ データ抽出: 5件
2025-10-31 16:45:18,291 [INFO]   ✓ 合計金額: 18107.00億円
2025-10-31 16:45:24,264 [INFO]   ✓ 成功: Layer2へMERGE完了
2025-10-31 16:45:24,308 [INFO] [143/179] 20240122_令和6年2月9日付（財務省第四十九号）
2025-10-31 16:45:24,330 [INFO]   ✓ ファイル読み込み: 1201文字
2025-10-31 16:45:24,331 [INFO]   ✓ パターン: NUMBERED_LIST (信頼度: 0.90)
2025-10-31 16:45:24,331 [INFO]   ✓ データ抽出: 2件
2025-10-31 16:45:24,331 [INFO]   ✓ 合計金額: 34999.60億円
2025-10-31 16:45:30,164 [INFO]   ✓ 成功: Layer2へMERGE完了
2025-10-31 16:45:30,195 [INFO] [144/179] 20240123_令和6年2月8日付（財務省第三十九号）
2025-10-31 16:45:30,220 [INFO]   ✓ ファイル読み込み: 3223文字
2025-10-31 16:45:30,220 [INFO]   ✓ パターン: NUMBERED_LIST (信頼度: 0.90)
2025-10-31 16:45:30,221 [INFO]   ✓ データ抽出: 1件
2025-10-31 16:45:30,221 [INFO]   ✓ 合計金額: 4987.00億円
2025-10-31 16:45:35,458 [INFO]   ✓ 成功: Layer2へMERGE完了
2025-10-31 16:45:35,475 [INFO] [145/179] 20240126_令和6年2月8日付（財務省第三十七号）
2025-10-31 16:45:35,500 [INFO]   ✓ ファイル読み込み: 1653文字
2025-10-31 16:45:35,501 [INFO]   ✓ パターン: NUMBERED_LIST (信頼度: 0.90)
2025-10-31 16:45:35,501 [INFO]   ✓ データ抽出: 4件
2025-10-31 16:45:35,502 [INFO]   ✓ 合計金額: 14683.00億円
2025-10-31 16:45:41,878 [INFO]   ✓ 成功: Layer2へMERGE完了
2025-10-31 16:45:41,917 [INFO] [146/179] 20240201_令和6年3月12日付（財務省第六十五号）
2025-10-31 16:45:41,964 [INFO]   ✓ ファイル読み込み: 1970文字
2025-10-31 16:45:41,965 [INFO]   ✓ パターン: NUMBERED_LIST (信頼度: 0.90)
2025-10-31 16:45:41,966 [INFO]   ✓ データ抽出: 6件
2025-10-31 16:45:41,966 [INFO]   ✓ 合計金額: 55483.00億円
2025-10-31 16:45:47,348 [INFO]   ✓ 成功: Layer2へMERGE完了
2025-10-31 16:45:47,382 [INFO] [147/179] 20240202_令和6年3月12日付（財務省第六十八号）
2025-10-31 16:45:47,407 [INFO]   ✓ ファイル読み込み: 2351文字
2025-10-31 16:45:47,408 [INFO]   ✓ パターン: NUMBERED_LIST (信頼度: 0.90)
2025-10-31 16:45:47,409 [INFO]   ✓ データ抽出: 7件
2025-10-31 16:45:47,409 [INFO]   ✓ 合計金額: 50954.82億円
2025-10-31 16:45:52,556 [INFO]   ✓ 成功: Layer2へMERGE完了
2025-10-31 16:45:52,584 [INFO] [148/179] 20240206_令和6年3月12日付（財務省第六十九号）
2025-10-31 16:45:52,605 [INFO]   ✓ ファイル読み込み: 1693文字
2025-10-31 16:45:52,605 [INFO]   ✓ パターン: NUMBERED_LIST (信頼度: 0.90)
2025-10-31 16:45:52,606 [INFO]   ✓ データ抽出: 2件
2025-10-31 16:45:52,606 [INFO]   ✓ 合計金額: 5000.00億円
2025-10-31 16:45:57,391 [INFO]   ✓ 成功: Layer2へMERGE完了
2025-10-31 16:45:57,420 [INFO] [149/179] 20240208_令和6年3月12日付（財務省第七十七号）
2025-10-31 16:45:57,441 [INFO]   ✓ ファイル読み込み: 1044文字
2025-10-31 16:45:57,442 [INFO]   ✓ パターン: NUMBERED_LIST (信頼度: 0.90)
2025-10-31 16:45:57,444 [INFO]   ✓ データ抽出: 1件
2025-10-31 16:45:57,444 [INFO]   ✓ 合計金額: 50.27億円
2025-10-31 16:46:02,276 [INFO]   ✓ 成功: Layer2へMERGE完了
2025-10-31 16:46:02,325 [INFO] [150/179] 20240208_令和6年3月12日付（財務省第七十二号）
2025-10-31 16:46:02,347 [INFO]   ✓ ファイル読み込み: 1726文字
2025-10-31 16:46:02,347 [INFO]   ✓ パターン: NUMBERED_LIST (信頼度: 0.90)
2025-10-31 16:46:02,348 [INFO]   ✓ データ抽出: 3件
2025-10-31 16:46:02,349 [INFO]   ✓ 合計金額: 9834.00億円
2025-10-31 16:46:09,477 [INFO]   ✓ 成功: Layer2へMERGE完了
2025-10-31 16:46:09,505 [INFO] [151/179] 20240208_令和6年3月12日付（財務省第七十五号）
2025-10-31 16:46:09,527 [INFO]   ✓ ファイル読み込み: 1036文字
2025-10-31 16:46:09,528 [INFO]   ✓ パターン: NUMBERED_LIST (信頼度: 0.90)
2025-10-31 16:46:09,529 [INFO]   ✓ データ抽出: 1件
2025-10-31 16:46:09,529 [INFO]   ✓ 合計金額: 10.04億円
2025-10-31 16:46:14,898 [INFO]   ✓ 成功: Layer2へMERGE完了
2025-10-31 16:46:14,938 [INFO] [152/179] 20240213_令和6年3月12日付（財務省第七十六号）
2025-10-31 16:46:14,985 [INFO]   ✓ ファイル読み込み: 1042文字
2025-10-31 16:46:14,985 [INFO]   ✓ パターン: NUMBERED_LIST (信頼度: 0.90)
2025-10-31 16:46:14,986 [INFO]   ✓ データ抽出: 1件
2025-10-31 16:46:14,986 [INFO]   ✓ 合計金額: 6.81億円
2025-10-31 16:46:20,989 [INFO]   ✓ 成功: Layer2へMERGE完了
2025-10-31 16:46:21,021 [INFO] [153/179] 20240213_令和6年3月12日付（財務省第六十六号）
2025-10-31 16:46:21,045 [INFO]   ✓ ファイル読み込み: 2082文字
2025-10-31 16:46:21,046 [INFO]   ✓ パターン: NUMBERED_LIST (信頼度: 0.90)
2025-10-31 16:46:21,047 [INFO]   ✓ データ抽出: 6件
2025-10-31 16:46:21,047 [INFO]   ✓ 合計金額: 45205.00億円
2025-10-31 16:46:26,401 [INFO]   ✓ 成功: Layer2へMERGE完了
2025-10-31 16:46:26,427 [INFO] [154/179] 20240213_令和6年3月8日付（財務省第六十号）
2025-10-31 16:46:26,449 [INFO]   ✓ ファイル読み込み: 1679文字
2025-10-31 16:46:26,449 [INFO]   ✓ パターン: NUMBERED_LIST (信頼度: 0.90)
2025-10-31 16:46:26,450 [INFO]   ✓ データ抽出: 4件
2025-10-31 16:46:26,451 [INFO]   ✓ 合計金額: 72878.40億円
2025-10-31 16:46:31,732 [INFO]   ✓ 成功: Layer2へMERGE完了
2025-10-31 16:46:31,765 [INFO] [155/179] 20240215_令和6年3月12日付（財務省第七十九号）
2025-10-31 16:46:31,790 [INFO]   ✓ ファイル読み込み: 1731文字
2025-10-31 16:46:31,791 [INFO]   ✓ パターン: NUMBERED_LIST (信頼度: 0.90)
2025-10-31 16:46:31,791 [INFO]   ✓ データ抽出: 1件
2025-10-31 16:46:31,791 [INFO]   ✓ 合計金額: 412.77億円
2025-10-31 16:46:37,360 [INFO]   ✓ 成功: Layer2へMERGE完了
2025-10-31 16:46:37,393 [INFO] [156/179] 20240215_令和6年3月12日付（財務省第七十八号）
2025-10-31 16:46:37,416 [INFO]   ✓ ファイル読み込み: 1730文字
2025-10-31 16:46:37,416 [INFO]   ✓ パターン: NUMBERED_LIST (信頼度: 0.90)
2025-10-31 16:46:37,417 [INFO]   ✓ データ抽出: 1件
2025-10-31 16:46:37,417 [INFO]   ✓ 合計金額: 107.34億円
2025-10-31 16:46:46,083 [INFO]   ✓ 成功: Layer2へMERGE完了
2025-10-31 16:46:46,121 [INFO] [157/179] 20240215_令和6年3月12日付（財務省第七十号）
2025-10-31 16:46:46,144 [INFO]   ✓ ファイル読み込み: 1331文字
2025-10-31 16:46:46,144 [INFO]   ✓ パターン: NUMBERED_LIST (信頼度: 0.90)
2025-10-31 16:46:46,145 [INFO]   ✓ データ抽出: 4件
2025-10-31 16:46:46,145 [INFO]   ✓ 合計金額: 23985.00億円
2025-10-31 16:46:51,580 [INFO]   ✓ 成功: Layer2へMERGE完了
2025-10-31 16:46:51,610 [INFO] [158/179] 20240215_令和6年3月12日付（財務省第八十号）
2025-10-31 16:46:51,630 [INFO]   ✓ ファイル読み込み: 2043文字
2025-10-31 16:46:51,631 [INFO]   ✓ パターン: NUMBERED_LIST (信頼度: 0.90)
2025-10-31 16:46:51,632 [INFO]   ✓ データ抽出: 1件
2025-10-31 16:46:51,633 [INFO]   ✓ 合計金額: 1920.07億円
2025-10-31 16:46:56,530 [INFO]   ✓ 成功: Layer2へMERGE完了
2025-10-31 16:46:56,562 [INFO] [159/179] 20240219_令和6年3月12日付（財務省第七十四号）
2025-10-31 16:46:56,595 [INFO]   ✓ ファイル読み込み: 3718文字
2025-10-31 16:46:56,596 [INFO]   ✓ パターン: NUMBERED_LIST (信頼度: 0.90)
2025-10-31 16:46:56,597 [INFO]   ✓ データ抽出: 1件
2025-10-31 16:46:56,598 [INFO]   ✓ 合計金額: 4988.00億円
2025-10-31 16:47:02,626 [INFO]   ✓ 成功: Layer2へMERGE完了
2025-10-31 16:47:02,658 [INFO] [160/179] 20240220_令和6年3月8日付（財務省第六十三号）
2025-10-31 16:47:02,681 [INFO]   ✓ ファイル読み込み: 1585文字
2025-10-31 16:47:02,681 [INFO]   ✓ パターン: NUMBERED_LIST (信頼度: 0.90)
2025-10-31 16:47:02,682 [INFO]   ✓ データ抽出: 5件
2025-10-31 16:47:02,683 [INFO]   ✓ 合計金額: 63362.60億円
2025-10-31 16:47:07,264 [INFO]   ✓ 成功: Layer2へMERGE完了
2025-10-31 16:47:07,294 [INFO] [161/179] 20240221_令和6年3月12日付（財務省第七十一号）
2025-10-31 16:47:07,319 [INFO]   ✓ ファイル読み込み: 2081文字
2025-10-31 16:47:07,320 [INFO]   ✓ パターン: NUMBERED_LIST (信頼度: 0.90)
2025-10-31 16:47:07,321 [INFO]   ✓ データ抽出: 6件
2025-10-31 16:47:07,322 [INFO]   ✓ 合計金額: 18784.00億円
2025-10-31 16:47:12,658 [INFO]   ✓ 成功: Layer2へMERGE完了
2025-10-31 16:47:12,697 [INFO] [162/179] 20240226_令和6年3月12日付（財務省第七十三号）
2025-10-31 16:47:12,721 [INFO]   ✓ ファイル読み込み: 2328文字
2025-10-31 16:47:12,721 [INFO]   ✓ パターン: NUMBERED_LIST (信頼度: 0.90)
2025-10-31 16:47:12,722 [INFO]   ✓ データ抽出: 1件
2025-10-31 16:47:12,722 [INFO]   ✓ 合計金額: 4989.00億円
2025-10-31 16:47:17,777 [INFO]   ✓ 成功: Layer2へMERGE完了
2025-10-31 16:47:17,797 [INFO] [163/179] 20240228_令和6年3月12日付（財務省第六十七号）
2025-10-31 16:47:17,817 [INFO]   ✓ ファイル読み込み: 1332文字
2025-10-31 16:47:17,817 [INFO]   ✓ パターン: NUMBERED_LIST (信頼度: 0.90)
2025-10-31 16:47:17,818 [INFO]   ✓ データ抽出: 4件
2025-10-31 16:47:17,818 [INFO]   ✓ 合計金額: 23994.00億円
2025-10-31 16:47:23,678 [INFO]   ✓ 成功: Layer2へMERGE完了
2025-10-31 16:47:23,708 [INFO] [164/179] 20240301_令和6年4月10日付（財務省第百五号）
2025-10-31 16:47:23,732 [INFO]   ✓ ファイル読み込み: 1700文字
2025-10-31 16:47:23,733 [INFO]   ✓ パターン: NUMBERED_LIST (信頼度: 0.90)
2025-10-31 16:47:23,734 [INFO]   ✓ データ抽出: 5件
2025-10-31 16:47:23,735 [INFO]   ✓ 合計金額: 52467.00億円
2025-10-31 16:47:31,848 [INFO]   ✓ 成功: Layer2へMERGE完了
2025-10-31 16:47:31,882 [INFO] [165/179] 20240306_令和6年4月10日付（財務省第百七号）
2025-10-31 16:47:31,903 [INFO]   ✓ ファイル読み込み: 2315文字
2025-10-31 16:47:31,904 [INFO]   ✓ パターン: NUMBERED_LIST (信頼度: 0.90)
2025-10-31 16:47:31,905 [INFO]   ✓ データ抽出: 6件
2025-10-31 16:47:31,905 [INFO]   ✓ 合計金額: 51025.76億円
2025-10-31 16:47:36,971 [INFO]   ✓ 成功: Layer2へMERGE完了
2025-10-31 16:47:36,987 [INFO] [166/179] 20240308_令和6年4月10日付（財務省第百九号）
2025-10-31 16:47:37,013 [INFO]   ✓ ファイル読み込み: 1996文字
2025-10-31 16:47:37,013 [INFO]   ✓ パターン: NUMBERED_LIST (信頼度: 0.90)
2025-10-31 16:47:37,014 [INFO]   ✓ データ抽出: 6件
2025-10-31 16:47:37,014 [INFO]   ✓ 合計金額: 16927.00億円
2025-10-31 16:47:45,705 [INFO]   ✓ 成功: Layer2へMERGE完了
2025-10-31 16:47:45,736 [INFO] [167/179] 20240311_令和6年4月10日付（財務省第百十三号）
2025-10-31 16:47:45,756 [INFO]   ✓ ファイル読み込み: 1034文字
2025-10-31 16:47:45,757 [INFO]   ✓ パターン: NUMBERED_LIST (信頼度: 0.90)
2025-10-31 16:47:45,757 [INFO]   ✓ データ抽出: 1件
2025-10-31 16:47:45,758 [INFO]   ✓ 合計金額: 5.21億円
2025-10-31 16:47:51,824 [INFO]   ✓ 成功: Layer2へMERGE完了
2025-10-31 16:47:51,856 [INFO] [168/179] 20240311_令和6年4月10日付（財務省第百十五号）
2025-10-31 16:47:51,914 [INFO]   ✓ ファイル読み込み: 1044文字
2025-10-31 16:47:51,915 [INFO]   ✓ パターン: NUMBERED_LIST (信頼度: 0.90)
2025-10-31 16:47:51,916 [INFO]   ✓ データ抽出: 1件
2025-10-31 16:47:51,916 [INFO]   ✓ 合計金額: 76.79億円
2025-10-31 16:47:57,366 [INFO]   ✓ 成功: Layer2へMERGE完了
2025-10-31 16:47:57,418 [INFO] [169/179] 20240311_令和6年4月5日付（財務省第百号）
2025-10-31 16:47:57,449 [INFO]   ✓ ファイル読み込み: 1678文字
2025-10-31 16:47:57,449 [INFO]   ✓ パターン: NUMBERED_LIST (信頼度: 0.90)
2025-10-31 16:47:57,450 [INFO]   ✓ データ抽出: 4件
2025-10-31 16:47:57,450 [INFO]   ✓ 合計金額: 73437.20億円
2025-10-31 16:48:03,005 [INFO]   ✓ 成功: Layer2へMERGE完了
2025-10-31 16:48:03,034 [INFO] [170/179] 20240312_令和6年4月10日付（財務省第百十四号）
2025-10-31 16:48:03,059 [INFO]   ✓ ファイル読み込み: 1045文字
2025-10-31 16:48:03,059 [INFO]   ✓ パターン: NUMBERED_LIST (信頼度: 0.90)
2025-10-31 16:48:03,060 [INFO]   ✓ データ抽出: 1件
2025-10-31 16:48:03,060 [INFO]   ✓ 合計金額: 10.56億円
2025-10-31 16:48:10,861 [INFO]   ✓ 成功: Layer2へMERGE完了
2025-10-31 16:48:10,916 [INFO] [171/179] 20240313_令和6年4月10日付（財務省第百六号）
2025-10-31 16:48:10,938 [INFO]   ✓ ファイル読み込み: 1950文字
2025-10-31 16:48:10,938 [INFO]   ✓ パターン: NUMBERED_LIST (信頼度: 0.90)
2025-10-31 16:48:10,939 [INFO]   ✓ データ抽出: 5件
2025-10-31 16:48:10,939 [INFO]   ✓ 合計金額: 47424.00億円
2025-10-31 16:48:18,136 [INFO]   ✓ 成功: Layer2へMERGE完了
2025-10-31 16:48:18,174 [INFO] [172/179] 20240315_令和6年4月10日付（財務省第百八号）
2025-10-31 16:48:18,199 [INFO]   ✓ ファイル読み込み: 1999文字
2025-10-31 16:48:18,200 [INFO]   ✓ パターン: NUMBERED_LIST (信頼度: 0.90)
2025-10-31 16:48:18,200 [INFO]   ✓ データ抽出: 6件
2025-10-31 16:48:18,201 [INFO]   ✓ 合計金額: 18958.00億円
2025-10-31 16:48:23,890 [INFO]   ✓ 成功: Layer2へMERGE完了
2025-10-31 16:48:23,923 [INFO] [173/179] 20240315_令和6年4月10日付（財務省第百十七号）
2025-10-31 16:48:23,988 [INFO]   ✓ ファイル読み込み: 1730文字
2025-10-31 16:48:23,989 [INFO]   ✓ パターン: NUMBERED_LIST (信頼度: 0.90)
2025-10-31 16:48:23,989 [INFO]   ✓ データ抽出: 1件
2025-10-31 16:48:23,989 [INFO]   ✓ 合計金額: 455.14億円
2025-10-31 16:48:30,352 [INFO]   ✓ 成功: Layer2へMERGE完了
2025-10-31 16:48:30,385 [INFO] [174/179] 20240315_令和6年4月10日付（財務省第百十八号）
2025-10-31 16:48:30,407 [INFO]   ✓ ファイル読み込み: 2043文字
2025-10-31 16:48:30,409 [INFO]   ✓ パターン: NUMBERED_LIST (信頼度: 0.90)
2025-10-31 16:48:30,411 [INFO]   ✓ データ抽出: 1件
2025-10-31 16:48:30,411 [INFO]   ✓ 合計金額: 2238.78億円
2025-10-31 16:48:35,990 [INFO]   ✓ 成功: Layer2へMERGE完了
2025-10-31 16:48:36,027 [INFO] [175/179] 20240315_令和6年4月10日付（財務省第百十六号）
2025-10-31 16:48:36,051 [INFO]   ✓ ファイル読み込み: 1729文字
2025-10-31 16:48:36,051 [INFO]   ✓ パターン: NUMBERED_LIST (信頼度: 0.90)
2025-10-31 16:48:36,052 [INFO]   ✓ データ抽出: 1件
2025-10-31 16:48:36,052 [INFO]   ✓ 合計金額: 87.94億円
2025-10-31 16:48:40,969 [INFO]   ✓ 成功: Layer2へMERGE完了
2025-10-31 16:48:41,001 [INFO] [176/179] 20240321_令和6年4月5日付（財務省第百三号）
2025-10-31 16:48:41,029 [INFO]   ✓ ファイル読み込み: 1200文字
2025-10-31 16:48:41,029 [INFO]   ✓ パターン: NUMBERED_LIST (信頼度: 0.90)
2025-10-31 16:48:41,030 [INFO]   ✓ データ抽出: 2件
2025-10-31 16:48:41,030 [INFO]   ✓ 合計金額: 35000.00億円
2025-10-31 16:48:45,658 [INFO]   ✓ 成功: Layer2へMERGE完了
2025-10-31 16:48:45,692 [INFO] [177/179] 20240322_令和6年4月10日付（財務省第百十二号）
2025-10-31 16:48:45,715 [INFO]   ✓ ファイル読み込み: 3408文字
2025-10-31 16:48:45,716 [INFO]   ✓ パターン: NUMBERED_LIST (信頼度: 0.90)
2025-10-31 16:48:45,717 [INFO]   ✓ データ抽出: 1件
2025-10-31 16:48:45,717 [INFO]   ✓ 合計金額: 4996.00億円
2025-10-31 16:48:50,891 [INFO]   ✓ 成功: Layer2へMERGE完了
2025-10-31 16:48:50,919 [INFO] [178/179] 20240326_令和6年4月10日付（財務省第百十一号）
2025-10-31 16:48:50,944 [INFO]   ✓ ファイル読み込み: 3035文字
2025-10-31 16:48:50,946 [INFO]   ✓ パターン: NUMBERED_LIST (信頼度: 0.90)
2025-10-31 16:48:50,948 [INFO]   ✓ データ抽出: 1件
2025-10-31 16:48:50,948 [INFO]   ✓ 合計金額: 4991.00億円
2025-10-31 16:48:56,680 [INFO]   ✓ 成功: Layer2へMERGE完了
2025-10-31 16:48:56,710 [INFO] [179/179] 20240328_令和6年4月10日付（財務省第百十号）
2025-10-31 16:48:56,733 [INFO]   ✓ ファイル読み込み: 1759文字
2025-10-31 16:48:56,733 [INFO]   ✓ パターン: NUMBERED_LIST (信頼度: 0.90)
2025-10-31 16:48:56,734 [INFO]   ✓ データ抽出: 6件
2025-10-31 16:48:56,735 [INFO]   ✓ 合計金額: 14525.00億円
2025-10-31 16:49:01,929 [INFO]   ✓ 成功: Layer2へMERGE完了
2025-10-31 16:49:01,958 [INFO] 
2025-10-31 16:49:01,958 [INFO] ================================================================================
2025-10-31 16:49:01,958 [INFO] 処理結果
2025-10-31 16:49:01,959 [INFO] ================================================================================
2025-10-31 16:49:01,959 [INFO] 総ファイル数: 179件
2025-10-31 16:49:01,959 [INFO] 成功: 169件
2025-10-31 16:49:01,959 [INFO] 重複: 10件
2025-10-31 16:49:01,959 [INFO] 失敗: 0件
2025-10-31 16:49:01,960 [INFO] スキップ: 0件
2025-10-31 16:49:01,960 [INFO] 成功率: 100.0%
2025-10-31 16:49:01,960 [INFO] 総レコード数: 442件
2025-10-31 16:49:01,960 [INFO] 総発行額: 302.21兆円
2025-10-31 16:49:01,960 [INFO] ================================================================================
2025-10-31 16:49:03,206 [INFO] 
Layer2 総レコード数: 462件
2025-10-31 16:49:04,490 [INFO] 
✓ 重複なし
2025-10-31 16:49:04,491 [INFO] 
サンプルレコード（金額上位5件）:
2025-10-31 16:49:05,880 [INFO]   20231010_令和5年11月13日付（財務省第二百八十二号）: 3,368,650,000,000円 (33686.50億円) [政府短期証券]
2025-10-31 16:49:05,881 [INFO]   20231211_令和6年1月12日付（財務省第十六号）: 3,349,000,000,000円 (33490.00億円) [政府短期証券]
2025-10-31 16:49:05,882 [INFO]   20240311_令和6年4月5日付（財務省第百号）: 3,343,760,000,000円 (33437.60億円) [政府短期証券]
2025-10-31 16:49:05,884 [INFO]   20231110_令和5年12月8日付（財務省第二百九十四号）: 3,295,170,000,000円 (32951.70億円) [政府短期証券]
2025-10-31 16:49:05,884 [INFO]   20240213_令和6年3月8日付（財務省第六十号）: 3,287,870,000,000円 (32878.70億円) [政府短期証券]
2025-10-31 16:49:05,885 [INFO] 
2025-10-31 16:49:05,885 [INFO] ================================================================================
2025-10-31 16:49:05,885 [INFO] 処理完了
2025-10-31 16:49:05,885 [INFO] ================================================================================
2025-10-31 16:49:05,886 [INFO] 詳細ログ: batch_processing_v7_fixed7.log
