2025-10-31 10:17:24,435 [INFO] ================================================================================
2025-10-31 10:17:24,436 [INFO] 直接パース方式バッチ処理 v7_fixed (MERGE修正版)
2025-10-31 10:17:24,436 [INFO] ================================================================================
2025-10-31 10:17:24,436 [INFO] プロジェクトID: jgb2023
2025-10-31 10:17:24,436 [INFO] データセットID: 20251031
2025-10-31 10:17:24,436 [INFO] データディレクトリ: G:\マイドライブ\JGBデータ\2023
2025-10-31 10:17:24,436 [INFO] 処理制限: 10件 (0=全件)
2025-10-31 10:17:24,437 [INFO] 最小金額: 100,000,000円 (1億円)
2025-10-31 10:17:24,437 [INFO] ================================================================================
2025-10-31 10:17:24,439 [DEBUG] Checking C:\Users\sonke\secrets\jgb2023-sa.json for explicit credentials as part of auth process...
2025-10-31 10:17:24,444 [INFO] ✓ BigQueryクライアント初期化完了
2025-10-31 10:17:24,445 [DEBUG] This service is instrumented using OpenTelemetry. OpenTelemetry or one of its components could not be imported; please add compatible versions of opentelemetry-api and opentelemetry-instrumentation packages in order to get BigQuery Tracing data.
2025-10-31 10:17:24,446 [DEBUG] Converted retries value: 3 -> Retry(total=3, connect=None, read=None, redirect=None, status=None)
2025-10-31 10:17:24,475 [DEBUG] Making request: POST https://oauth2.googleapis.com/token
2025-10-31 10:17:24,478 [DEBUG] Starting new HTTPS connection (1): oauth2.googleapis.com:443
2025-10-31 10:17:24,892 [DEBUG] https://oauth2.googleapis.com:443 "POST /token HTTP/1.1" 200 None
2025-10-31 10:17:24,896 [DEBUG] Starting new HTTPS connection (1): bigquery.googleapis.com:443
2025-10-31 10:17:25,266 [DEBUG] https://bigquery.googleapis.com:443 "POST /bigquery/v2/projects/jgb2023/datasets?prettyPrint=false HTTP/1.1" 409 None
2025-10-31 10:17:25,455 [DEBUG] https://bigquery.googleapis.com:443 "GET /bigquery/v2/projects/jgb2023/datasets/20251031?prettyPrint=false HTTP/1.1" 200 None
2025-10-31 10:17:25,455 [INFO] ✓ データセット準備完了: jgb2023.20251031
2025-10-31 10:17:25,470 [INFO] ✓ .txtファイル: 179件
2025-10-31 10:17:25,470 [INFO] 制限モード: 10件を処理します
2025-10-31 10:17:25,642 [DEBUG] https://bigquery.googleapis.com:443 "POST /bigquery/v2/projects/jgb2023/datasets/20251031/tables?prettyPrint=false HTTP/1.1" 409 None
2025-10-31 10:17:25,787 [DEBUG] https://bigquery.googleapis.com:443 "GET /bigquery/v2/projects/jgb2023/datasets/20251031/tables/bond_issuances?prettyPrint=false HTTP/1.1" 200 None
2025-10-31 10:17:25,788 [INFO] ✓ bond_issuancesテーブル準備完了: jgb2023.20251031.bond_issuances
2025-10-31 10:17:25,943 [DEBUG] https://bigquery.googleapis.com:443 "POST /bigquery/v2/projects/jgb2023/datasets/20251031/tables?prettyPrint=false HTTP/1.1" 409 None
2025-10-31 10:17:26,147 [DEBUG] https://bigquery.googleapis.com:443 "GET /bigquery/v2/projects/jgb2023/datasets/20251031/tables/parse_log?prettyPrint=false HTTP/1.1" 200 None
2025-10-31 10:17:26,148 [INFO] ✓ parse_logテーブル準備完了: jgb2023.20251031.parse_log
2025-10-31 10:17:26,151 [INFO] 
2025-10-31 10:17:26,151 [INFO] ================================================================================
2025-10-31 10:17:26,151 [INFO] 処理開始
2025-10-31 10:17:26,152 [INFO] ================================================================================
2025-10-31 10:17:26,152 [INFO] 
2025-10-31 10:17:26,152 [INFO] [1/10] 20230403_令和5年5月9日付（財務省第百二十一号）
2025-10-31 10:17:26,160 [INFO]   ✓ ファイル読み込み: 1392文字
2025-10-31 10:17:26,161 [DEBUG]   ✓ NFKC正規化完了
2025-10-31 10:17:26,161 [INFO]   ✓ パターン: NUMBERED_LIST (信頼度: 0.90)
2025-10-31 10:17:26,161 [DEBUG]   抽出成功: 23772.00億円 [パターン: 額面金額（明示）, 優先度: 70]
2025-10-31 10:17:26,162 [DEBUG]   抽出成功: 5221.00億円 [パターン: 額面金額（明示）, 優先度: 70]
2025-10-31 10:17:26,162 [DEBUG]   除外: 金額が小さすぎる (50,000円)
2025-10-31 10:17:26,162 [INFO]   ✓ データ抽出: 2件
2025-10-31 10:17:26,163 [INFO]   ✓ 合計金額: 28993.00億円
2025-10-31 10:17:26,163 [DEBUG]   ステージングテーブル: jgb2023.20251031.bond_issuances__stg_907611ac
2025-10-31 10:17:26,302 [DEBUG] https://bigquery.googleapis.com:443 "POST /bigquery/v2/projects/jgb2023/datasets/20251031/tables?prettyPrint=false HTTP/1.1" 200 None
2025-10-31 10:17:26,303 [DEBUG]   ✓ ステージングテーブル作成完了
2025-10-31 10:17:26,303 [DEBUG]   ✓ 行の変換・バリデーション完了: 2件
2025-10-31 10:17:27,021 [DEBUG] https://bigquery.googleapis.com:443 "POST /upload/bigquery/v2/projects/jgb2023/jobs?uploadType=multipart HTTP/1.1" 200 2544
2025-10-31 10:17:27,106 [DEBUG] https://bigquery.googleapis.com:443 "GET /bigquery/v2/projects/jgb2023/jobs/49505fdf-2ffe-4bd7-8121-d814e92d6be1?location=asia-northeast1&prettyPrint=false HTTP/1.1" 200 None
2025-10-31 10:17:27,107 [DEBUG] Retrying due to , sleeping 0.4s ...
2025-10-31 10:17:27,633 [DEBUG] https://bigquery.googleapis.com:443 "GET /bigquery/v2/projects/jgb2023/jobs/49505fdf-2ffe-4bd7-8121-d814e92d6be1?location=asia-northeast1&prettyPrint=false HTTP/1.1" 200 None
2025-10-31 10:17:27,634 [DEBUG] Retrying due to , sleeping 0.2s ...
2025-10-31 10:17:27,914 [DEBUG] https://bigquery.googleapis.com:443 "GET /bigquery/v2/projects/jgb2023/jobs/49505fdf-2ffe-4bd7-8121-d814e92d6be1?location=asia-northeast1&prettyPrint=false HTTP/1.1" 200 None
2025-10-31 10:17:27,915 [DEBUG] Retrying due to , sleeping 0.5s ...
2025-10-31 10:17:28,545 [DEBUG] https://bigquery.googleapis.com:443 "GET /bigquery/v2/projects/jgb2023/jobs/49505fdf-2ffe-4bd7-8121-d814e92d6be1?location=asia-northeast1&prettyPrint=false HTTP/1.1" 200 None
2025-10-31 10:17:28,545 [DEBUG] Retrying due to , sleeping 0.2s ...
2025-10-31 10:17:28,797 [DEBUG] https://bigquery.googleapis.com:443 "GET /bigquery/v2/projects/jgb2023/jobs/49505fdf-2ffe-4bd7-8121-d814e92d6be1?location=asia-northeast1&prettyPrint=false HTTP/1.1" 200 None
2025-10-31 10:17:28,798 [DEBUG]   ✓ ステージングテーブルへのロード完了
2025-10-31 10:17:29,306 [DEBUG] https://bigquery.googleapis.com:443 "POST /bigquery/v2/projects/jgb2023/jobs?prettyPrint=false HTTP/1.1" 200 None
2025-10-31 10:17:31,050 [DEBUG] https://bigquery.googleapis.com:443 "GET /bigquery/v2/projects/jgb2023/queries/85c4af7d-f810-4a22-895b-ffbceda3444d?maxResults=0&location=asia-northeast1&prettyPrint=false HTTP/1.1" 200 None
2025-10-31 10:17:31,171 [DEBUG] https://bigquery.googleapis.com:443 "GET /bigquery/v2/projects/jgb2023/jobs/85c4af7d-f810-4a22-895b-ffbceda3444d?location=asia-northeast1&prettyPrint=false HTTP/1.1" 200 None
2025-10-31 10:17:31,172 [DEBUG]   ✓ MERGE完了: 2件（staging経由）
2025-10-31 10:17:31,310 [DEBUG] https://bigquery.googleapis.com:443 "DELETE /bigquery/v2/projects/jgb2023/datasets/20251031/tables/bond_issuances__stg_907611ac?prettyPrint=false HTTP/1.1" 204 0
2025-10-31 10:17:31,312 [DEBUG]   ✓ ステージングテーブル削除完了
2025-10-31 10:17:31,312 [INFO]   ✓ 成功: Layer2へMERGE完了
2025-10-31 10:17:31,555 [DEBUG] https://bigquery.googleapis.com:443 "POST /bigquery/v2/projects/jgb2023/datasets/20251031/tables/parse_log/insertAll?prettyPrint=false HTTP/1.1" 200 None
2025-10-31 10:17:31,556 [INFO] [2/10] 20230405_令和5年5月9日付（財務省第百二十三号）
2025-10-31 10:17:31,563 [INFO]   ✓ ファイル読み込み: 1722文字
2025-10-31 10:17:31,564 [DEBUG]   ✓ NFKC正規化完了
2025-10-31 10:17:31,564 [INFO]   ✓ パターン: NUMBERED_LIST (信頼度: 0.90)
2025-10-31 10:17:31,565 [DEBUG]   抽出成功: 21962.00億円 [パターン: 額面金額（明示）, 優先度: 70]
2025-10-31 10:17:31,565 [DEBUG]   抽出成功: 3.45億円 [パターン: 額面金額（明示）, 優先度: 70]
2025-10-31 10:17:31,565 [DEBUG]   抽出成功: 5031.00億円 [パターン: 額面金額（明示）, 優先度: 70]
2025-10-31 10:17:31,565 [DEBUG]   除外: 金額が小さすぎる (50,000円)
2025-10-31 10:17:31,565 [INFO]   ✓ データ抽出: 3件
2025-10-31 10:17:31,566 [INFO]   ✓ 合計金額: 26996.45億円
2025-10-31 10:17:31,566 [DEBUG]   ステージングテーブル: jgb2023.20251031.bond_issuances__stg_f65549a3
2025-10-31 10:17:31,753 [DEBUG] https://bigquery.googleapis.com:443 "POST /bigquery/v2/projects/jgb2023/datasets/20251031/tables?prettyPrint=false HTTP/1.1" 200 None
2025-10-31 10:17:31,754 [DEBUG]   ✓ ステージングテーブル作成完了
2025-10-31 10:17:31,754 [DEBUG]   ✓ 行の変換・バリデーション完了: 3件
2025-10-31 10:17:32,398 [DEBUG] https://bigquery.googleapis.com:443 "POST /upload/bigquery/v2/projects/jgb2023/jobs?uploadType=multipart HTTP/1.1" 200 2544
2025-10-31 10:17:32,465 [DEBUG] https://bigquery.googleapis.com:443 "GET /bigquery/v2/projects/jgb2023/jobs/d08c3b8a-120d-44d7-8426-cb602a132a6a?location=asia-northeast1&prettyPrint=false HTTP/1.1" 200 None
2025-10-31 10:17:32,465 [DEBUG] Retrying due to , sleeping 0.0s ...
2025-10-31 10:17:32,535 [DEBUG] https://bigquery.googleapis.com:443 "GET /bigquery/v2/projects/jgb2023/jobs/d08c3b8a-120d-44d7-8426-cb602a132a6a?location=asia-northeast1&prettyPrint=false HTTP/1.1" 200 None
2025-10-31 10:17:32,535 [DEBUG] Retrying due to , sleeping 0.6s ...
2025-10-31 10:17:33,119 [DEBUG] https://bigquery.googleapis.com:443 "GET /bigquery/v2/projects/jgb2023/jobs/d08c3b8a-120d-44d7-8426-cb602a132a6a?location=asia-northeast1&prettyPrint=false HTTP/1.1" 200 None
2025-10-31 10:17:33,120 [DEBUG] Retrying due to , sleeping 1.1s ...
2025-10-31 10:17:34,293 [DEBUG] https://bigquery.googleapis.com:443 "GET /bigquery/v2/projects/jgb2023/jobs/d08c3b8a-120d-44d7-8426-cb602a132a6a?location=asia-northeast1&prettyPrint=false HTTP/1.1" 200 None
2025-10-31 10:17:34,294 [DEBUG]   ✓ ステージングテーブルへのロード完了
2025-10-31 10:17:34,686 [DEBUG] https://bigquery.googleapis.com:443 "POST /bigquery/v2/projects/jgb2023/jobs?prettyPrint=false HTTP/1.1" 200 None
2025-10-31 10:17:36,680 [DEBUG] https://bigquery.googleapis.com:443 "GET /bigquery/v2/projects/jgb2023/queries/fbe5d98c-3446-4e6c-bf96-3eb5667e50c5?maxResults=0&location=asia-northeast1&prettyPrint=false HTTP/1.1" 200 None
2025-10-31 10:17:36,761 [DEBUG] https://bigquery.googleapis.com:443 "GET /bigquery/v2/projects/jgb2023/jobs/fbe5d98c-3446-4e6c-bf96-3eb5667e50c5?location=asia-northeast1&prettyPrint=false HTTP/1.1" 200 None
2025-10-31 10:17:36,762 [DEBUG]   ✓ MERGE完了: 3件（staging経由）
2025-10-31 10:17:36,885 [DEBUG] https://bigquery.googleapis.com:443 "DELETE /bigquery/v2/projects/jgb2023/datasets/20251031/tables/bond_issuances__stg_f65549a3?prettyPrint=false HTTP/1.1" 204 0
2025-10-31 10:17:36,886 [DEBUG]   ✓ ステージングテーブル削除完了
2025-10-31 10:17:36,886 [INFO]   ✓ 成功: Layer2へMERGE完了
2025-10-31 10:17:36,933 [DEBUG] https://bigquery.googleapis.com:443 "POST /bigquery/v2/projects/jgb2023/datasets/20251031/tables/parse_log/insertAll?prettyPrint=false HTTP/1.1" 200 None
2025-10-31 10:17:36,934 [INFO] [3/10] 20230407_令和5年5月9日付（財務省第百二十五号）
2025-10-31 10:17:36,942 [INFO]   ✓ ファイル読み込み: 1720文字
2025-10-31 10:17:36,943 [DEBUG]   ✓ NFKC正規化完了
2025-10-31 10:17:36,943 [INFO]   ✓ パターン: NUMBERED_LIST (信頼度: 0.90)
2025-10-31 10:17:36,944 [DEBUG]   抽出成功: 7282.00億円 [パターン: 額面金額（明示）, 優先度: 70]
2025-10-31 10:17:36,944 [DEBUG]   抽出成功: 1709.00億円 [パターン: 額面金額（明示）, 優先度: 70]
2025-10-31 10:17:36,944 [DEBUG]   抽出成功: 873.00億円 [パターン: 額面金額（明示）, 優先度: 70]
2025-10-31 10:17:36,944 [DEBUG]   除外: 金額が小さすぎる (50,000円)
2025-10-31 10:17:36,945 [INFO]   ✓ データ抽出: 3件
2025-10-31 10:17:36,945 [INFO]   ✓ 合計金額: 9864.00億円
2025-10-31 10:17:36,945 [DEBUG]   ステージングテーブル: jgb2023.20251031.bond_issuances__stg_745c6d28
2025-10-31 10:17:37,145 [DEBUG] https://bigquery.googleapis.com:443 "POST /bigquery/v2/projects/jgb2023/datasets/20251031/tables?prettyPrint=false HTTP/1.1" 200 None
2025-10-31 10:17:37,146 [DEBUG]   ✓ ステージングテーブル作成完了
2025-10-31 10:17:37,147 [DEBUG]   ✓ 行の変換・バリデーション完了: 3件
2025-10-31 10:17:37,720 [DEBUG] https://bigquery.googleapis.com:443 "POST /upload/bigquery/v2/projects/jgb2023/jobs?uploadType=multipart HTTP/1.1" 200 2544
2025-10-31 10:17:37,807 [DEBUG] https://bigquery.googleapis.com:443 "GET /bigquery/v2/projects/jgb2023/jobs/af632050-f75b-4b3a-ac48-af1929f46ceb?location=asia-northeast1&prettyPrint=false HTTP/1.1" 200 None
2025-10-31 10:17:37,808 [DEBUG] Retrying due to , sleeping 0.8s ...
2025-10-31 10:17:38,690 [DEBUG] https://bigquery.googleapis.com:443 "GET /bigquery/v2/projects/jgb2023/jobs/af632050-f75b-4b3a-ac48-af1929f46ceb?location=asia-northeast1&prettyPrint=false HTTP/1.1" 200 None
2025-10-31 10:17:38,692 [DEBUG] Retrying due to , sleeping 0.9s ...
2025-10-31 10:17:39,623 [DEBUG] https://bigquery.googleapis.com:443 "GET /bigquery/v2/projects/jgb2023/jobs/af632050-f75b-4b3a-ac48-af1929f46ceb?location=asia-northeast1&prettyPrint=false HTTP/1.1" 200 None
2025-10-31 10:17:39,623 [DEBUG]   ✓ ステージングテーブルへのロード完了
2025-10-31 10:17:40,044 [DEBUG] https://bigquery.googleapis.com:443 "POST /bigquery/v2/projects/jgb2023/jobs?prettyPrint=false HTTP/1.1" 200 None
2025-10-31 10:17:41,788 [DEBUG] https://bigquery.googleapis.com:443 "GET /bigquery/v2/projects/jgb2023/queries/4888ad4a-1112-458c-9a68-446258482bc3?maxResults=0&location=asia-northeast1&prettyPrint=false HTTP/1.1" 200 None
2025-10-31 10:17:41,904 [DEBUG] https://bigquery.googleapis.com:443 "GET /bigquery/v2/projects/jgb2023/jobs/4888ad4a-1112-458c-9a68-446258482bc3?location=asia-northeast1&prettyPrint=false HTTP/1.1" 200 None
2025-10-31 10:17:41,904 [DEBUG]   ✓ MERGE完了: 3件（staging経由）
2025-10-31 10:17:41,999 [DEBUG] https://bigquery.googleapis.com:443 "DELETE /bigquery/v2/projects/jgb2023/datasets/20251031/tables/bond_issuances__stg_745c6d28?prettyPrint=false HTTP/1.1" 204 0
2025-10-31 10:17:41,999 [DEBUG]   ✓ ステージングテーブル削除完了
2025-10-31 10:17:42,000 [INFO]   ✓ 成功: Layer2へMERGE完了
2025-10-31 10:17:42,112 [DEBUG] https://bigquery.googleapis.com:443 "POST /bigquery/v2/projects/jgb2023/datasets/20251031/tables/parse_log/insertAll?prettyPrint=false HTTP/1.1" 200 None
2025-10-31 10:17:42,112 [INFO] [4/10] 20230410_令和5年5月9日付（財務省第百二十九号）
2025-10-31 10:17:42,122 [INFO]   ✓ ファイル読み込み: 1045文字
2025-10-31 10:17:42,123 [DEBUG]   ✓ NFKC正規化完了
2025-10-31 10:17:42,123 [INFO]   ✓ パターン: NUMBERED_LIST (信頼度: 0.90)
2025-10-31 10:17:42,123 [DEBUG]   抽出成功: 88.38億円 [パターン: 発行額, 優先度: 100]
2025-10-31 10:17:42,124 [DEBUG]   抽出成功: 88.38億円 [パターン: 額面金額（明示）, 優先度: 70]
2025-10-31 10:17:42,124 [DEBUG]   除外: 金額が小さすぎる (50,000円)
2025-10-31 10:17:42,124 [INFO]   ✓ データ抽出: 2件
2025-10-31 10:17:42,124 [INFO]   ✓ 合計金額: 176.75億円
2025-10-31 10:17:42,124 [DEBUG]   ステージングテーブル: jgb2023.20251031.bond_issuances__stg_1b340dca
2025-10-31 10:17:42,261 [DEBUG] https://bigquery.googleapis.com:443 "POST /bigquery/v2/projects/jgb2023/datasets/20251031/tables?prettyPrint=false HTTP/1.1" 200 None
2025-10-31 10:17:42,262 [DEBUG]   ✓ ステージングテーブル作成完了
2025-10-31 10:17:42,262 [DEBUG]   ✓ 行の変換・バリデーション完了: 2件
2025-10-31 10:17:42,867 [DEBUG] https://bigquery.googleapis.com:443 "POST /upload/bigquery/v2/projects/jgb2023/jobs?uploadType=multipart HTTP/1.1" 200 2544
2025-10-31 10:17:42,946 [DEBUG] https://bigquery.googleapis.com:443 "GET /bigquery/v2/projects/jgb2023/jobs/aa43d250-702e-42b4-8509-aee96fff32c0?location=asia-northeast1&prettyPrint=false HTTP/1.1" 200 None
2025-10-31 10:17:42,948 [DEBUG] Retrying due to , sleeping 0.9s ...
2025-10-31 10:17:43,978 [DEBUG] https://bigquery.googleapis.com:443 "GET /bigquery/v2/projects/jgb2023/jobs/aa43d250-702e-42b4-8509-aee96fff32c0?location=asia-northeast1&prettyPrint=false HTTP/1.1" 200 None
2025-10-31 10:17:43,979 [DEBUG] Retrying due to , sleeping 1.1s ...
2025-10-31 10:17:45,144 [DEBUG] https://bigquery.googleapis.com:443 "GET /bigquery/v2/projects/jgb2023/jobs/aa43d250-702e-42b4-8509-aee96fff32c0?location=asia-northeast1&prettyPrint=false HTTP/1.1" 200 None
2025-10-31 10:17:45,145 [DEBUG]   ✓ ステージングテーブルへのロード完了
2025-10-31 10:17:45,578 [DEBUG] https://bigquery.googleapis.com:443 "POST /bigquery/v2/projects/jgb2023/jobs?prettyPrint=false HTTP/1.1" 200 None
2025-10-31 10:17:48,488 [DEBUG] https://bigquery.googleapis.com:443 "GET /bigquery/v2/projects/jgb2023/queries/2d116897-05f8-4df7-ad5b-d81f804386c0?maxResults=0&location=asia-northeast1&prettyPrint=false HTTP/1.1" 200 None
2025-10-31 10:17:48,569 [DEBUG] https://bigquery.googleapis.com:443 "GET /bigquery/v2/projects/jgb2023/jobs/2d116897-05f8-4df7-ad5b-d81f804386c0?location=asia-northeast1&prettyPrint=false HTTP/1.1" 200 None
2025-10-31 10:17:48,570 [DEBUG]   ✓ MERGE完了: 2件（staging経由）
2025-10-31 10:17:48,662 [DEBUG] https://bigquery.googleapis.com:443 "DELETE /bigquery/v2/projects/jgb2023/datasets/20251031/tables/bond_issuances__stg_1b340dca?prettyPrint=false HTTP/1.1" 204 0
2025-10-31 10:17:48,663 [DEBUG]   ✓ ステージングテーブル削除完了
2025-10-31 10:17:48,663 [INFO]   ✓ 成功: Layer2へMERGE完了
2025-10-31 10:17:48,732 [DEBUG] https://bigquery.googleapis.com:443 "POST /bigquery/v2/projects/jgb2023/datasets/20251031/tables/parse_log/insertAll?prettyPrint=false HTTP/1.1" 200 None
2025-10-31 10:17:48,733 [INFO] [5/10] 20230412_令和5年5月9日付（財務省第百二十二号）
2025-10-31 10:17:48,740 [INFO]   ✓ ファイル読み込み: 1956文字
2025-10-31 10:17:48,740 [DEBUG]   ✓ NFKC正規化完了
2025-10-31 10:17:48,740 [INFO]   ✓ パターン: NUMBERED_LIST (信頼度: 0.90)
2025-10-31 10:17:48,741 [DEBUG]   抽出成功: 20319.00億円 [パターン: 額面金額（明示）, 優先度: 70]
2025-10-31 10:17:48,742 [DEBUG]   抽出成功: 10.00億円 [パターン: 額面金額（明示）, 優先度: 70]
2025-10-31 10:17:48,742 [DEBUG]   抽出成功: 4662.00億円 [パターン: 額面金額（明示）, 優先度: 70]
2025-10-31 10:17:48,742 [DEBUG]   抽出成功: 1989.00億円 [パターン: 額面金額（明示）, 優先度: 70]
2025-10-31 10:17:48,743 [DEBUG]   除外: 金額が小さすぎる (50,000円)
2025-10-31 10:17:48,743 [INFO]   ✓ データ抽出: 4件
2025-10-31 10:17:48,743 [INFO]   ✓ 合計金額: 26980.00億円
2025-10-31 10:17:48,743 [DEBUG]   ステージングテーブル: jgb2023.20251031.bond_issuances__stg_b170e445
2025-10-31 10:17:48,944 [DEBUG] https://bigquery.googleapis.com:443 "POST /bigquery/v2/projects/jgb2023/datasets/20251031/tables?prettyPrint=false HTTP/1.1" 200 None
2025-10-31 10:17:48,945 [DEBUG]   ✓ ステージングテーブル作成完了
2025-10-31 10:17:48,945 [DEBUG]   ✓ 行の変換・バリデーション完了: 4件
2025-10-31 10:17:49,601 [DEBUG] https://bigquery.googleapis.com:443 "POST /upload/bigquery/v2/projects/jgb2023/jobs?uploadType=multipart HTTP/1.1" 200 2544
2025-10-31 10:17:49,633 [DEBUG] https://bigquery.googleapis.com:443 "GET /bigquery/v2/projects/jgb2023/jobs/e7d43ba2-1728-489d-9744-7cdc0306566c?location=asia-northeast1&prettyPrint=false HTTP/1.1" 200 None
2025-10-31 10:17:49,634 [DEBUG] Retrying due to , sleeping 0.3s ...
2025-10-31 10:17:49,971 [DEBUG] https://bigquery.googleapis.com:443 "GET /bigquery/v2/projects/jgb2023/jobs/e7d43ba2-1728-489d-9744-7cdc0306566c?location=asia-northeast1&prettyPrint=false HTTP/1.1" 200 None
2025-10-31 10:17:49,972 [DEBUG] Retrying due to , sleeping 0.9s ...
2025-10-31 10:17:50,973 [DEBUG] https://bigquery.googleapis.com:443 "GET /bigquery/v2/projects/jgb2023/jobs/e7d43ba2-1728-489d-9744-7cdc0306566c?location=asia-northeast1&prettyPrint=false HTTP/1.1" 200 None
2025-10-31 10:17:50,974 [DEBUG] Retrying due to , sleeping 0.7s ...
2025-10-31 10:17:51,739 [DEBUG] https://bigquery.googleapis.com:443 "GET /bigquery/v2/projects/jgb2023/jobs/e7d43ba2-1728-489d-9744-7cdc0306566c?location=asia-northeast1&prettyPrint=false HTTP/1.1" 200 None
2025-10-31 10:17:51,739 [DEBUG] Retrying due to , sleeping 2.1s ...
2025-10-31 10:17:53,949 [DEBUG] https://bigquery.googleapis.com:443 "GET /bigquery/v2/projects/jgb2023/jobs/e7d43ba2-1728-489d-9744-7cdc0306566c?location=asia-northeast1&prettyPrint=false HTTP/1.1" 200 None
2025-10-31 10:17:53,950 [DEBUG]   ✓ ステージングテーブルへのロード完了
2025-10-31 10:17:54,306 [DEBUG] https://bigquery.googleapis.com:443 "POST /bigquery/v2/projects/jgb2023/jobs?prettyPrint=false HTTP/1.1" 200 None
2025-10-31 10:17:56,271 [DEBUG] https://bigquery.googleapis.com:443 "GET /bigquery/v2/projects/jgb2023/queries/5d03795a-e439-4d5a-9574-35e21265819d?maxResults=0&location=asia-northeast1&prettyPrint=false HTTP/1.1" 200 None
2025-10-31 10:17:56,354 [DEBUG] https://bigquery.googleapis.com:443 "GET /bigquery/v2/projects/jgb2023/jobs/5d03795a-e439-4d5a-9574-35e21265819d?location=asia-northeast1&prettyPrint=false HTTP/1.1" 200 None
2025-10-31 10:17:56,356 [DEBUG]   ✓ MERGE完了: 4件（staging経由）
2025-10-31 10:17:56,459 [DEBUG] https://bigquery.googleapis.com:443 "DELETE /bigquery/v2/projects/jgb2023/datasets/20251031/tables/bond_issuances__stg_b170e445?prettyPrint=false HTTP/1.1" 204 0
2025-10-31 10:17:56,459 [DEBUG]   ✓ ステージングテーブル削除完了
2025-10-31 10:17:56,460 [INFO]   ✓ 成功: Layer2へMERGE完了
2025-10-31 10:17:56,571 [DEBUG] https://bigquery.googleapis.com:443 "POST /bigquery/v2/projects/jgb2023/datasets/20251031/tables/parse_log/insertAll?prettyPrint=false HTTP/1.1" 200 None
2025-10-31 10:17:56,572 [INFO] [6/10] 20230412_令和5年5月9日付（財務省第百二十八号）
2025-10-31 10:17:56,579 [INFO]   ✓ ファイル読み込み: 1040文字
2025-10-31 10:17:56,579 [DEBUG]   ✓ NFKC正規化完了
2025-10-31 10:17:56,579 [INFO]   ✓ パターン: NUMBERED_LIST (信頼度: 0.90)
2025-10-31 10:17:56,580 [DEBUG]   抽出成功: 9.51億円 [パターン: 発行額, 優先度: 100]
2025-10-31 10:17:56,580 [DEBUG]   抽出成功: 9.51億円 [パターン: 額面金額（明示）, 優先度: 70]
2025-10-31 10:17:56,580 [DEBUG]   除外: 金額が小さすぎる (50,000円)
2025-10-31 10:17:56,580 [INFO]   ✓ データ抽出: 2件
2025-10-31 10:17:56,580 [INFO]   ✓ 合計金額: 19.02億円
2025-10-31 10:17:56,580 [DEBUG]   ステージングテーブル: jgb2023.20251031.bond_issuances__stg_bdaf5d87
2025-10-31 10:17:56,741 [DEBUG] https://bigquery.googleapis.com:443 "POST /bigquery/v2/projects/jgb2023/datasets/20251031/tables?prettyPrint=false HTTP/1.1" 200 None
2025-10-31 10:17:56,742 [DEBUG]   ✓ ステージングテーブル作成完了
2025-10-31 10:17:56,742 [DEBUG]   ✓ 行の変換・バリデーション完了: 2件
2025-10-31 10:17:57,224 [DEBUG] https://bigquery.googleapis.com:443 "POST /upload/bigquery/v2/projects/jgb2023/jobs?uploadType=multipart HTTP/1.1" 200 2544
2025-10-31 10:17:57,253 [DEBUG] https://bigquery.googleapis.com:443 "GET /bigquery/v2/projects/jgb2023/jobs/2a7b4629-89af-45ec-8021-580996836cbd?location=asia-northeast1&prettyPrint=false HTTP/1.1" 200 None
2025-10-31 10:17:57,254 [DEBUG] Retrying due to , sleeping 0.9s ...
2025-10-31 10:17:58,238 [DEBUG] https://bigquery.googleapis.com:443 "GET /bigquery/v2/projects/jgb2023/jobs/2a7b4629-89af-45ec-8021-580996836cbd?location=asia-northeast1&prettyPrint=false HTTP/1.1" 200 None
2025-10-31 10:17:58,239 [DEBUG] Retrying due to , sleeping 0.8s ...
2025-10-31 10:17:59,101 [DEBUG] https://bigquery.googleapis.com:443 "GET /bigquery/v2/projects/jgb2023/jobs/2a7b4629-89af-45ec-8021-580996836cbd?location=asia-northeast1&prettyPrint=false HTTP/1.1" 200 None
2025-10-31 10:17:59,101 [DEBUG] Retrying due to , sleeping 0.6s ...
2025-10-31 10:17:59,800 [DEBUG] https://bigquery.googleapis.com:443 "GET /bigquery/v2/projects/jgb2023/jobs/2a7b4629-89af-45ec-8021-580996836cbd?location=asia-northeast1&prettyPrint=false HTTP/1.1" 200 None
2025-10-31 10:17:59,801 [DEBUG]   ✓ ステージングテーブルへのロード完了
2025-10-31 10:18:00,195 [DEBUG] https://bigquery.googleapis.com:443 "POST /bigquery/v2/projects/jgb2023/jobs?prettyPrint=false HTTP/1.1" 200 None
2025-10-31 10:18:01,866 [DEBUG] https://bigquery.googleapis.com:443 "GET /bigquery/v2/projects/jgb2023/queries/9a22031c-eaa7-4bfd-b9da-d22acf4e302a?maxResults=0&location=asia-northeast1&prettyPrint=false HTTP/1.1" 200 None
2025-10-31 10:18:01,954 [DEBUG] https://bigquery.googleapis.com:443 "GET /bigquery/v2/projects/jgb2023/jobs/9a22031c-eaa7-4bfd-b9da-d22acf4e302a?location=asia-northeast1&prettyPrint=false HTTP/1.1" 200 None
2025-10-31 10:18:01,955 [DEBUG]   ✓ MERGE完了: 2件（staging経由）
2025-10-31 10:18:02,043 [DEBUG] https://bigquery.googleapis.com:443 "DELETE /bigquery/v2/projects/jgb2023/datasets/20251031/tables/bond_issuances__stg_bdaf5d87?prettyPrint=false HTTP/1.1" 204 0
2025-10-31 10:18:02,043 [DEBUG]   ✓ ステージングテーブル削除完了
2025-10-31 10:18:02,043 [INFO]   ✓ 成功: Layer2へMERGE完了
2025-10-31 10:18:02,056 [DEBUG] https://bigquery.googleapis.com:443 "POST /bigquery/v2/projects/jgb2023/datasets/20251031/tables/parse_log/insertAll?prettyPrint=false HTTP/1.1" 200 None
2025-10-31 10:18:02,057 [INFO] [7/10] 20230414_令和5年5月9日付（財務省第百二十七号）
2025-10-31 10:18:02,073 [INFO]   ✓ ファイル読み込み: 3674文字
2025-10-31 10:18:02,073 [DEBUG]   ✓ NFKC正規化完了
2025-10-31 10:18:02,073 [INFO]   ✓ パターン: NUMBERED_LIST (信頼度: 0.90)
2025-10-31 10:18:02,074 [DEBUG]   抽出成功: 4995.00億円 [パターン: 発行額, 優先度: 100]
2025-10-31 10:18:02,074 [DEBUG]   抽出成功: 4995.00億円 [パターン: 額面金額（明示）, 優先度: 70]
2025-10-31 10:18:02,075 [DEBUG]   除外: 金額が小さすぎる (50,000円)
2025-10-31 10:18:02,075 [INFO]   ✓ データ抽出: 2件
2025-10-31 10:18:02,075 [INFO]   ✓ 合計金額: 9990.00億円
2025-10-31 10:18:02,075 [DEBUG]   ステージングテーブル: jgb2023.20251031.bond_issuances__stg_49ce2dc8
2025-10-31 10:18:02,209 [DEBUG] https://bigquery.googleapis.com:443 "POST /bigquery/v2/projects/jgb2023/datasets/20251031/tables?prettyPrint=false HTTP/1.1" 200 None
2025-10-31 10:18:02,210 [DEBUG]   ✓ ステージングテーブル作成完了
2025-10-31 10:18:02,210 [DEBUG]   ✓ 行の変換・バリデーション完了: 2件
2025-10-31 10:18:02,875 [DEBUG] https://bigquery.googleapis.com:443 "POST /upload/bigquery/v2/projects/jgb2023/jobs?uploadType=multipart HTTP/1.1" 200 2544
2025-10-31 10:18:02,951 [DEBUG] https://bigquery.googleapis.com:443 "GET /bigquery/v2/projects/jgb2023/jobs/c05ad9a0-9dc2-4de7-b1cd-467aa2859692?location=asia-northeast1&prettyPrint=false HTTP/1.1" 200 None
2025-10-31 10:18:02,951 [DEBUG] Retrying due to , sleeping 0.2s ...
2025-10-31 10:18:03,224 [DEBUG] https://bigquery.googleapis.com:443 "GET /bigquery/v2/projects/jgb2023/jobs/c05ad9a0-9dc2-4de7-b1cd-467aa2859692?location=asia-northeast1&prettyPrint=false HTTP/1.1" 200 None
2025-10-31 10:18:03,225 [DEBUG] Retrying due to , sleeping 1.4s ...
2025-10-31 10:18:04,773 [DEBUG] https://bigquery.googleapis.com:443 "GET /bigquery/v2/projects/jgb2023/jobs/c05ad9a0-9dc2-4de7-b1cd-467aa2859692?location=asia-northeast1&prettyPrint=false HTTP/1.1" 200 None
2025-10-31 10:18:04,774 [DEBUG]   ✓ ステージングテーブルへのロード完了
2025-10-31 10:18:05,182 [DEBUG] https://bigquery.googleapis.com:443 "POST /bigquery/v2/projects/jgb2023/jobs?prettyPrint=false HTTP/1.1" 200 None
2025-10-31 10:18:06,621 [DEBUG] https://bigquery.googleapis.com:443 "GET /bigquery/v2/projects/jgb2023/queries/0bfa4033-266b-4349-bb85-d47fb33d8913?maxResults=0&location=asia-northeast1&prettyPrint=false HTTP/1.1" 200 None
2025-10-31 10:18:06,684 [DEBUG] https://bigquery.googleapis.com:443 "GET /bigquery/v2/projects/jgb2023/jobs/0bfa4033-266b-4349-bb85-d47fb33d8913?location=asia-northeast1&prettyPrint=false HTTP/1.1" 200 None
2025-10-31 10:18:06,685 [DEBUG]   ✓ MERGE完了: 2件（staging経由）
2025-10-31 10:18:06,781 [DEBUG] https://bigquery.googleapis.com:443 "DELETE /bigquery/v2/projects/jgb2023/datasets/20251031/tables/bond_issuances__stg_49ce2dc8?prettyPrint=false HTTP/1.1" 204 0
2025-10-31 10:18:06,781 [DEBUG]   ✓ ステージングテーブル削除完了
2025-10-31 10:18:06,782 [INFO]   ✓ 成功: Layer2へMERGE完了
2025-10-31 10:18:06,865 [DEBUG] https://bigquery.googleapis.com:443 "POST /bigquery/v2/projects/jgb2023/datasets/20251031/tables/parse_log/insertAll?prettyPrint=false HTTP/1.1" 200 None
2025-10-31 10:18:06,865 [INFO] [8/10] 20230417_令和5年5月9日付（財務省第百三十一号）
2025-10-31 10:18:06,873 [INFO]   ✓ ファイル読み込み: 1750文字
2025-10-31 10:18:06,873 [DEBUG]   ✓ NFKC正規化完了
2025-10-31 10:18:06,873 [INFO]   ✓ パターン: NUMBERED_LIST (信頼度: 0.90)
2025-10-31 10:18:06,874 [DEBUG]   抽出成功: 611.14億円 [パターン: 項番付き発行額, 優先度: 110]
2025-10-31 10:18:06,874 [DEBUG]   抽出成功: 611.14億円 [パターン: 発行額, 優先度: 100]
2025-10-31 10:18:06,874 [DEBUG]   抽出成功: 611.14億円 [パターン: 額面金額（明示）, 優先度: 70]
2025-10-31 10:18:06,874 [DEBUG]   除外: 金額が小さすぎる (10,000円)
2025-10-31 10:18:06,874 [INFO]   ✓ データ抽出: 3件
2025-10-31 10:18:06,875 [INFO]   ✓ 合計金額: 1833.42億円
2025-10-31 10:18:06,875 [DEBUG]   ステージングテーブル: jgb2023.20251031.bond_issuances__stg_412c4962
2025-10-31 10:18:07,003 [DEBUG] https://bigquery.googleapis.com:443 "POST /bigquery/v2/projects/jgb2023/datasets/20251031/tables?prettyPrint=false HTTP/1.1" 200 None
2025-10-31 10:18:07,004 [DEBUG]   ✓ ステージングテーブル作成完了
2025-10-31 10:18:07,004 [DEBUG]   ✓ 行の変換・バリデーション完了: 3件
2025-10-31 10:18:07,584 [DEBUG] https://bigquery.googleapis.com:443 "POST /upload/bigquery/v2/projects/jgb2023/jobs?uploadType=multipart HTTP/1.1" 200 2544
2025-10-31 10:18:07,628 [DEBUG] https://bigquery.googleapis.com:443 "GET /bigquery/v2/projects/jgb2023/jobs/d0ce6281-ac9e-4e51-b945-edc4d750ed6e?location=asia-northeast1&prettyPrint=false HTTP/1.1" 200 None
2025-10-31 10:18:07,628 [DEBUG] Retrying due to , sleeping 0.1s ...
2025-10-31 10:18:07,812 [DEBUG] https://bigquery.googleapis.com:443 "GET /bigquery/v2/projects/jgb2023/jobs/d0ce6281-ac9e-4e51-b945-edc4d750ed6e?location=asia-northeast1&prettyPrint=false HTTP/1.1" 200 None
2025-10-31 10:18:07,813 [DEBUG] Retrying due to , sleeping 0.3s ...
2025-10-31 10:18:08,196 [DEBUG] https://bigquery.googleapis.com:443 "GET /bigquery/v2/projects/jgb2023/jobs/d0ce6281-ac9e-4e51-b945-edc4d750ed6e?location=asia-northeast1&prettyPrint=false HTTP/1.1" 200 None
2025-10-31 10:18:08,203 [DEBUG] Retrying due to , sleeping 1.5s ...
2025-10-31 10:18:09,790 [DEBUG] https://bigquery.googleapis.com:443 "GET /bigquery/v2/projects/jgb2023/jobs/d0ce6281-ac9e-4e51-b945-edc4d750ed6e?location=asia-northeast1&prettyPrint=false HTTP/1.1" 200 None
2025-10-31 10:18:09,790 [DEBUG] Retrying due to , sleeping 2.5s ...
2025-10-31 10:18:12,409 [DEBUG] https://bigquery.googleapis.com:443 "GET /bigquery/v2/projects/jgb2023/jobs/d0ce6281-ac9e-4e51-b945-edc4d750ed6e?location=asia-northeast1&prettyPrint=false HTTP/1.1" 200 None
2025-10-31 10:18:12,409 [DEBUG]   ✓ ステージングテーブルへのロード完了
2025-10-31 10:18:12,792 [DEBUG] https://bigquery.googleapis.com:443 "POST /bigquery/v2/projects/jgb2023/jobs?prettyPrint=false HTTP/1.1" 200 None
2025-10-31 10:18:14,782 [DEBUG] https://bigquery.googleapis.com:443 "GET /bigquery/v2/projects/jgb2023/queries/9e733650-0918-4f14-860c-411d4350732d?maxResults=0&location=asia-northeast1&prettyPrint=false HTTP/1.1" 200 None
2025-10-31 10:18:14,816 [DEBUG] https://bigquery.googleapis.com:443 "GET /bigquery/v2/projects/jgb2023/jobs/9e733650-0918-4f14-860c-411d4350732d?location=asia-northeast1&prettyPrint=false HTTP/1.1" 200 None
2025-10-31 10:18:14,817 [DEBUG]   ✓ MERGE完了: 3件（staging経由）
2025-10-31 10:18:14,929 [DEBUG] https://bigquery.googleapis.com:443 "DELETE /bigquery/v2/projects/jgb2023/datasets/20251031/tables/bond_issuances__stg_412c4962?prettyPrint=false HTTP/1.1" 204 0
2025-10-31 10:18:14,930 [DEBUG]   ✓ ステージングテーブル削除完了
2025-10-31 10:18:14,930 [INFO]   ✓ 成功: Layer2へMERGE完了
2025-10-31 10:18:14,971 [DEBUG] https://bigquery.googleapis.com:443 "POST /bigquery/v2/projects/jgb2023/datasets/20251031/tables/parse_log/insertAll?prettyPrint=false HTTP/1.1" 200 None
2025-10-31 10:18:14,978 [INFO] [9/10] 20230417_令和5年5月9日付（財務省第百三十二号）
2025-10-31 10:18:15,006 [INFO]   ✓ ファイル読み込み: 2063文字
2025-10-31 10:18:15,006 [DEBUG]   ✓ NFKC正規化完了
2025-10-31 10:18:15,007 [INFO]   ✓ パターン: NUMBERED_LIST (信頼度: 0.90)
2025-10-31 10:18:15,007 [DEBUG]   抽出成功: 2765.21億円 [パターン: 項番付き発行額, 優先度: 110]
2025-10-31 10:18:15,007 [DEBUG]   抽出成功: 2765.21億円 [パターン: 発行額, 優先度: 100]
2025-10-31 10:18:15,008 [DEBUG]   抽出成功: 2765.21億円 [パターン: 額面金額（明示）, 優先度: 70]
2025-10-31 10:18:15,008 [DEBUG]   除外: 金額が小さすぎる (10,000円)
2025-10-31 10:18:15,008 [INFO]   ✓ データ抽出: 3件
2025-10-31 10:18:15,008 [INFO]   ✓ 合計金額: 8295.64億円
2025-10-31 10:18:15,008 [DEBUG]   ステージングテーブル: jgb2023.20251031.bond_issuances__stg_2e51f779
2025-10-31 10:18:15,171 [DEBUG] https://bigquery.googleapis.com:443 "POST /bigquery/v2/projects/jgb2023/datasets/20251031/tables?prettyPrint=false HTTP/1.1" 200 None
2025-10-31 10:18:15,172 [DEBUG]   ✓ ステージングテーブル作成完了
2025-10-31 10:18:15,172 [DEBUG]   ✓ 行の変換・バリデーション完了: 3件
2025-10-31 10:18:15,654 [DEBUG] https://bigquery.googleapis.com:443 "POST /upload/bigquery/v2/projects/jgb2023/jobs?uploadType=multipart HTTP/1.1" 200 2544
2025-10-31 10:18:15,700 [DEBUG] https://bigquery.googleapis.com:443 "GET /bigquery/v2/projects/jgb2023/jobs/3aa4e916-aceb-4319-9954-64d257430de4?location=asia-northeast1&prettyPrint=false HTTP/1.1" 200 None
2025-10-31 10:18:15,700 [DEBUG] Retrying due to , sleeping 1.0s ...
2025-10-31 10:18:16,724 [DEBUG] https://bigquery.googleapis.com:443 "GET /bigquery/v2/projects/jgb2023/jobs/3aa4e916-aceb-4319-9954-64d257430de4?location=asia-northeast1&prettyPrint=false HTTP/1.1" 200 None
2025-10-31 10:18:16,724 [DEBUG] Retrying due to , sleeping 0.8s ...
2025-10-31 10:18:17,562 [DEBUG] https://bigquery.googleapis.com:443 "GET /bigquery/v2/projects/jgb2023/jobs/3aa4e916-aceb-4319-9954-64d257430de4?location=asia-northeast1&prettyPrint=false HTTP/1.1" 200 None
2025-10-31 10:18:17,563 [DEBUG] Retrying due to , sleeping 0.7s ...
2025-10-31 10:18:18,312 [DEBUG] https://bigquery.googleapis.com:443 "GET /bigquery/v2/projects/jgb2023/jobs/3aa4e916-aceb-4319-9954-64d257430de4?location=asia-northeast1&prettyPrint=false HTTP/1.1" 200 None
2025-10-31 10:18:18,314 [DEBUG]   ✓ ステージングテーブルへのロード完了
2025-10-31 10:18:18,757 [DEBUG] https://bigquery.googleapis.com:443 "POST /bigquery/v2/projects/jgb2023/jobs?prettyPrint=false HTTP/1.1" 200 None
2025-10-31 10:18:20,764 [DEBUG] https://bigquery.googleapis.com:443 "GET /bigquery/v2/projects/jgb2023/queries/b859880a-2d2d-4d91-a926-747424e8291e?maxResults=0&location=asia-northeast1&prettyPrint=false HTTP/1.1" 200 None
2025-10-31 10:18:20,818 [DEBUG] https://bigquery.googleapis.com:443 "GET /bigquery/v2/projects/jgb2023/jobs/b859880a-2d2d-4d91-a926-747424e8291e?location=asia-northeast1&prettyPrint=false HTTP/1.1" 200 None
2025-10-31 10:18:20,818 [DEBUG]   ✓ MERGE完了: 3件（staging経由）
2025-10-31 10:18:20,902 [DEBUG] https://bigquery.googleapis.com:443 "DELETE /bigquery/v2/projects/jgb2023/datasets/20251031/tables/bond_issuances__stg_2e51f779?prettyPrint=false HTTP/1.1" 204 0
2025-10-31 10:18:20,902 [DEBUG]   ✓ ステージングテーブル削除完了
2025-10-31 10:18:20,903 [INFO]   ✓ 成功: Layer2へMERGE完了
2025-10-31 10:18:20,915 [DEBUG] https://bigquery.googleapis.com:443 "POST /bigquery/v2/projects/jgb2023/datasets/20251031/tables/parse_log/insertAll?prettyPrint=false HTTP/1.1" 200 None
2025-10-31 10:18:20,916 [INFO] [10/10] 20230417_令和5年5月9日付（財務省第百三十号）
2025-10-31 10:18:20,922 [INFO]   ✓ ファイル読み込み: 1748文字
2025-10-31 10:18:20,923 [DEBUG]   ✓ NFKC正規化完了
2025-10-31 10:18:20,923 [INFO]   ✓ パターン: NUMBERED_LIST (信頼度: 0.90)
2025-10-31 10:18:20,923 [DEBUG]   抽出成功: 165.15億円 [パターン: 項番付き発行額, 優先度: 110]
2025-10-31 10:18:20,924 [DEBUG]   抽出成功: 165.15億円 [パターン: 発行額, 優先度: 100]
2025-10-31 10:18:20,924 [DEBUG]   抽出成功: 165.15億円 [パターン: 額面金額（明示）, 優先度: 70]
2025-10-31 10:18:20,924 [DEBUG]   除外: 金額が小さすぎる (10,000円)
2025-10-31 10:18:20,924 [INFO]   ✓ データ抽出: 3件
2025-10-31 10:18:20,925 [INFO]   ✓ 合計金額: 495.46億円
2025-10-31 10:18:20,925 [DEBUG]   ステージングテーブル: jgb2023.20251031.bond_issuances__stg_d8567726
2025-10-31 10:18:21,073 [DEBUG] https://bigquery.googleapis.com:443 "POST /bigquery/v2/projects/jgb2023/datasets/20251031/tables?prettyPrint=false HTTP/1.1" 200 None
2025-10-31 10:18:21,074 [DEBUG]   ✓ ステージングテーブル作成完了
2025-10-31 10:18:21,074 [DEBUG]   ✓ 行の変換・バリデーション完了: 3件
2025-10-31 10:18:21,607 [DEBUG] https://bigquery.googleapis.com:443 "POST /upload/bigquery/v2/projects/jgb2023/jobs?uploadType=multipart HTTP/1.1" 200 2544
2025-10-31 10:18:21,637 [DEBUG] https://bigquery.googleapis.com:443 "GET /bigquery/v2/projects/jgb2023/jobs/98d9d701-f66f-4bad-b93d-645f705bd289?location=asia-northeast1&prettyPrint=false HTTP/1.1" 200 None
2025-10-31 10:18:21,638 [DEBUG] Retrying due to , sleeping 0.4s ...
2025-10-31 10:18:22,040 [DEBUG] https://bigquery.googleapis.com:443 "GET /bigquery/v2/projects/jgb2023/jobs/98d9d701-f66f-4bad-b93d-645f705bd289?location=asia-northeast1&prettyPrint=false HTTP/1.1" 200 None
2025-10-31 10:18:22,041 [DEBUG] Retrying due to , sleeping 1.4s ...
2025-10-31 10:18:23,501 [DEBUG] https://bigquery.googleapis.com:443 "GET /bigquery/v2/projects/jgb2023/jobs/98d9d701-f66f-4bad-b93d-645f705bd289?location=asia-northeast1&prettyPrint=false HTTP/1.1" 200 None
2025-10-31 10:18:23,502 [DEBUG] Retrying due to , sleeping 0.0s ...
2025-10-31 10:18:23,556 [DEBUG] https://bigquery.googleapis.com:443 "GET /bigquery/v2/projects/jgb2023/jobs/98d9d701-f66f-4bad-b93d-645f705bd289?location=asia-northeast1&prettyPrint=false HTTP/1.1" 200 None
2025-10-31 10:18:23,557 [DEBUG] Retrying due to , sleeping 1.9s ...
2025-10-31 10:18:25,491 [DEBUG] https://bigquery.googleapis.com:443 "GET /bigquery/v2/projects/jgb2023/jobs/98d9d701-f66f-4bad-b93d-645f705bd289?location=asia-northeast1&prettyPrint=false HTTP/1.1" 200 None
2025-10-31 10:18:25,492 [DEBUG] Retrying due to , sleeping 2.3s ...
2025-10-31 10:18:27,828 [DEBUG] https://bigquery.googleapis.com:443 "GET /bigquery/v2/projects/jgb2023/jobs/98d9d701-f66f-4bad-b93d-645f705bd289?location=asia-northeast1&prettyPrint=false HTTP/1.1" 200 None
2025-10-31 10:18:27,829 [DEBUG]   ✓ ステージングテーブルへのロード完了
2025-10-31 10:18:28,190 [DEBUG] https://bigquery.googleapis.com:443 "POST /bigquery/v2/projects/jgb2023/jobs?prettyPrint=false HTTP/1.1" 200 None
2025-10-31 10:18:29,906 [DEBUG] https://bigquery.googleapis.com:443 "GET /bigquery/v2/projects/jgb2023/queries/88b1f012-c48c-4ad8-9db4-e6967d331240?maxResults=0&location=asia-northeast1&prettyPrint=false HTTP/1.1" 200 None
2025-10-31 10:18:29,963 [DEBUG] https://bigquery.googleapis.com:443 "GET /bigquery/v2/projects/jgb2023/jobs/88b1f012-c48c-4ad8-9db4-e6967d331240?location=asia-northeast1&prettyPrint=false HTTP/1.1" 200 None
2025-10-31 10:18:29,964 [DEBUG]   ✓ MERGE完了: 3件（staging経由）
2025-10-31 10:18:30,064 [DEBUG] https://bigquery.googleapis.com:443 "DELETE /bigquery/v2/projects/jgb2023/datasets/20251031/tables/bond_issuances__stg_d8567726?prettyPrint=false HTTP/1.1" 204 0
2025-10-31 10:18:30,065 [DEBUG]   ✓ ステージングテーブル削除完了
2025-10-31 10:18:30,065 [INFO]   ✓ 成功: Layer2へMERGE完了
2025-10-31 10:18:30,105 [DEBUG] https://bigquery.googleapis.com:443 "POST /bigquery/v2/projects/jgb2023/datasets/20251031/tables/parse_log/insertAll?prettyPrint=false HTTP/1.1" 200 None
2025-10-31 10:18:30,106 [INFO] 
2025-10-31 10:18:30,106 [INFO] ================================================================================
2025-10-31 10:18:30,106 [INFO] 処理結果
2025-10-31 10:18:30,107 [INFO] ================================================================================
2025-10-31 10:18:30,107 [INFO] 総ファイル数: 10件
2025-10-31 10:18:30,107 [INFO] 成功: 10件
2025-10-31 10:18:30,107 [INFO] 失敗: 0件
2025-10-31 10:18:30,107 [INFO] スキップ: 0件
2025-10-31 10:18:30,108 [INFO] 成功率: 100.0%
2025-10-31 10:18:30,108 [INFO] 総レコード数: 27件
2025-10-31 10:18:30,108 [INFO] 総発行額: 11.36兆円
2025-10-31 10:18:30,108 [INFO] ================================================================================
2025-10-31 10:18:30,869 [DEBUG] https://bigquery.googleapis.com:443 "POST /bigquery/v2/projects/jgb2023/jobs?prettyPrint=false HTTP/1.1" 200 None
2025-10-31 10:18:30,939 [DEBUG] https://bigquery.googleapis.com:443 "GET /bigquery/v2/projects/jgb2023/queries/a43ffb3d-375c-4c17-bef7-66e0a29be297?maxResults=0&location=asia-northeast1&prettyPrint=false HTTP/1.1" 200 None
2025-10-31 10:18:31,025 [DEBUG] https://bigquery.googleapis.com:443 "GET /bigquery/v2/projects/jgb2023/queries/a43ffb3d-375c-4c17-bef7-66e0a29be297?fields=jobReference%2CtotalRows%2CpageToken%2Crows&location=asia-northeast1&formatOptions.useInt64Timestamp=True&prettyPrint=false HTTP/1.1" 200 None
2025-10-31 10:18:31,026 [INFO] 
Layer2 総レコード数: 27件
2025-10-31 10:18:31,026 [INFO] 
サンプルレコード（金額上位5件）:
2025-10-31 10:18:31,576 [DEBUG] https://bigquery.googleapis.com:443 "POST /bigquery/v2/projects/jgb2023/jobs?prettyPrint=false HTTP/1.1" 200 None
2025-10-31 10:18:31,694 [DEBUG] https://bigquery.googleapis.com:443 "GET /bigquery/v2/projects/jgb2023/queries/ede1fc4e-f666-43e6-ba11-71efd443ec5d?maxResults=0&location=asia-northeast1&prettyPrint=false HTTP/1.1" 200 None
2025-10-31 10:18:31,773 [DEBUG] https://bigquery.googleapis.com:443 "GET /bigquery/v2/projects/jgb2023/queries/ede1fc4e-f666-43e6-ba11-71efd443ec5d?fields=jobReference%2CtotalRows%2CpageToken%2Crows&location=asia-northeast1&formatOptions.useInt64Timestamp=True&prettyPrint=false HTTP/1.1" 200 None
2025-10-31 10:18:31,774 [INFO]   20230403_令和5年5月9日付（財務省第百二十一号）: 2,377,200,000,000円 (23772.00億円) [未分類]
2025-10-31 10:18:31,774 [INFO]   20230405_令和5年5月9日付（財務省第百二十三号）: 2,196,200,000,000円 (21962.00億円) [未分類]
2025-10-31 10:18:31,774 [INFO]   20230412_令和5年5月9日付（財務省第百二十二号）: 2,031,900,000,000円 (20319.00億円) [未分類]
2025-10-31 10:18:31,775 [INFO]   20230407_令和5年5月9日付（財務省第百二十五号）: 728,200,000,000円 (7282.00億円) [未分類]
2025-10-31 10:18:31,775 [INFO]   20230403_令和5年5月9日付（財務省第百二十一号）: 522,100,000,000円 (5221.00億円) [未分類]
2025-10-31 10:18:31,775 [INFO] 
2025-10-31 10:18:31,775 [INFO] ================================================================================
2025-10-31 10:18:31,776 [INFO] 処理完了
2025-10-31 10:18:31,776 [INFO] ================================================================================
2025-10-31 10:18:31,776 [INFO] 詳細ログ: batch_processing_v7_fixed.log
