2025-10-30 21:33:52,941 [INFO] ================================================================================
2025-10-30 21:33:52,942 [INFO] 直接パース方式バッチ処理 v3 (最終版)
2025-10-30 21:33:52,942 [INFO] ================================================================================
2025-10-30 21:33:52,942 [INFO] プロジェクトID: jgb2023
2025-10-30 21:33:52,942 [INFO] データセットID: 20251030
2025-10-30 21:33:52,942 [INFO] データディレクトリ: G:\マイドライブ\JGBデータ\2023
2025-10-30 21:33:52,943 [INFO] 処理制限: 10件 (0=全件)
2025-10-30 21:33:52,943 [INFO] 最小金額: 100,000,000円 (1億円)
2025-10-30 21:33:52,943 [INFO] ================================================================================
2025-10-30 21:33:52,951 [INFO] ✓ BigQueryクライアント初期化完了
2025-10-30 21:33:52,960 [INFO] ✓ .txtファイル: 179件
2025-10-30 21:33:52,961 [INFO] 制限モード: 10件を処理します
2025-10-30 21:33:54,102 [INFO] ✓ parse_logテーブル準備完了: jgb2023.20251030.parse_log
2025-10-30 21:33:54,103 [INFO] 
2025-10-30 21:33:54,103 [INFO] ================================================================================
2025-10-30 21:33:54,104 [INFO] 処理開始
2025-10-30 21:33:54,104 [INFO] ================================================================================
2025-10-30 21:33:54,104 [INFO] 
2025-10-30 21:33:54,104 [INFO] [1/10] 20230403_令和5年5月9日付（財務省第百二十一号）
2025-10-30 21:33:54,110 [INFO]   ✓ ファイル読み込み: 1392文字
2025-10-30 21:33:54,113 [INFO]   ✓ パターン: NUMBERED_LIST (信頼度: 0.90)
2025-10-30 21:33:54,113 [INFO]   ✓ データ抽出: 2件
2025-10-30 21:33:54,114 [INFO]   ✓ 合計金額: 28993.00億円
2025-10-30 21:33:54,114 [ERROR]   ✗ MERGE失敗: module 'google.cloud.bigquery' has no attribute 'StructField'
2025-10-30 21:33:54,114 [ERROR]   ✗ MERGE失敗
2025-10-30 21:33:54,115 [WARNING]   ⚠ parse_log記録警告: Object of type datetime is not JSON serializable
2025-10-30 21:33:54,115 [INFO] [2/10] 20230405_令和5年5月9日付（財務省第百二十三号）
2025-10-30 21:33:54,121 [INFO]   ✓ ファイル読み込み: 1722文字
2025-10-30 21:33:54,121 [INFO]   ✓ パターン: NUMBERED_LIST (信頼度: 0.90)
2025-10-30 21:33:54,121 [INFO]   ✓ データ抽出: 3件
2025-10-30 21:33:54,122 [INFO]   ✓ 合計金額: 26996.45億円
2025-10-30 21:33:54,122 [ERROR]   ✗ MERGE失敗: module 'google.cloud.bigquery' has no attribute 'StructField'
2025-10-30 21:33:54,122 [ERROR]   ✗ MERGE失敗
2025-10-30 21:33:54,122 [WARNING]   ⚠ parse_log記録警告: Object of type datetime is not JSON serializable
2025-10-30 21:33:54,122 [INFO] [3/10] 20230407_令和5年5月9日付（財務省第百二十五号）
2025-10-30 21:33:54,127 [INFO]   ✓ ファイル読み込み: 1720文字
2025-10-30 21:33:54,127 [INFO]   ✓ パターン: NUMBERED_LIST (信頼度: 0.90)
2025-10-30 21:33:54,127 [INFO]   ✓ データ抽出: 3件
2025-10-30 21:33:54,128 [INFO]   ✓ 合計金額: 9864.00億円
2025-10-30 21:33:54,128 [ERROR]   ✗ MERGE失敗: module 'google.cloud.bigquery' has no attribute 'StructField'
2025-10-30 21:33:54,128 [ERROR]   ✗ MERGE失敗
2025-10-30 21:33:54,128 [WARNING]   ⚠ parse_log記録警告: Object of type datetime is not JSON serializable
2025-10-30 21:33:54,128 [INFO] [4/10] 20230410_令和5年5月9日付（財務省第百二十九号）
2025-10-30 21:33:54,134 [INFO]   ✓ ファイル読み込み: 1045文字
2025-10-30 21:33:54,134 [INFO]   ✓ パターン: NUMBERED_LIST (信頼度: 0.90)
2025-10-30 21:33:54,134 [INFO]   ✓ データ抽出: 1件
2025-10-30 21:33:54,135 [INFO]   ✓ 合計金額: 88.38億円
2025-10-30 21:33:54,135 [ERROR]   ✗ MERGE失敗: module 'google.cloud.bigquery' has no attribute 'StructField'
2025-10-30 21:33:54,135 [ERROR]   ✗ MERGE失敗
2025-10-30 21:33:54,135 [WARNING]   ⚠ parse_log記録警告: Object of type datetime is not JSON serializable
2025-10-30 21:33:54,136 [INFO] [5/10] 20230412_令和5年5月9日付（財務省第百二十二号）
2025-10-30 21:33:54,141 [INFO]   ✓ ファイル読み込み: 1956文字
2025-10-30 21:33:54,142 [INFO]   ✓ パターン: NUMBERED_LIST (信頼度: 0.90)
2025-10-30 21:33:54,142 [INFO]   ✓ データ抽出: 4件
2025-10-30 21:33:54,142 [INFO]   ✓ 合計金額: 26980.00億円
2025-10-30 21:33:54,142 [ERROR]   ✗ MERGE失敗: module 'google.cloud.bigquery' has no attribute 'StructField'
2025-10-30 21:33:54,143 [ERROR]   ✗ MERGE失敗
2025-10-30 21:33:54,143 [WARNING]   ⚠ parse_log記録警告: Object of type datetime is not JSON serializable
2025-10-30 21:33:54,143 [INFO] [6/10] 20230412_令和5年5月9日付（財務省第百二十八号）
2025-10-30 21:33:54,147 [INFO]   ✓ ファイル読み込み: 1040文字
2025-10-30 21:33:54,147 [INFO]   ✓ パターン: NUMBERED_LIST (信頼度: 0.90)
2025-10-30 21:33:54,148 [INFO]   ✓ データ抽出: 1件
2025-10-30 21:33:54,148 [INFO]   ✓ 合計金額: 9.51億円
2025-10-30 21:33:54,148 [ERROR]   ✗ MERGE失敗: module 'google.cloud.bigquery' has no attribute 'StructField'
2025-10-30 21:33:54,148 [ERROR]   ✗ MERGE失敗
2025-10-30 21:33:54,149 [WARNING]   ⚠ parse_log記録警告: Object of type datetime is not JSON serializable
2025-10-30 21:33:54,149 [INFO] [7/10] 20230414_令和5年5月9日付（財務省第百二十七号）
2025-10-30 21:33:54,161 [INFO]   ✓ ファイル読み込み: 3674文字
2025-10-30 21:33:54,162 [INFO]   ✓ パターン: NUMBERED_LIST (信頼度: 0.90)
2025-10-30 21:33:54,162 [INFO]   ✓ データ抽出: 1件
2025-10-30 21:33:54,162 [INFO]   ✓ 合計金額: 4995.00億円
2025-10-30 21:33:54,163 [ERROR]   ✗ MERGE失敗: module 'google.cloud.bigquery' has no attribute 'StructField'
2025-10-30 21:33:54,163 [ERROR]   ✗ MERGE失敗
2025-10-30 21:33:54,163 [WARNING]   ⚠ parse_log記録警告: Object of type datetime is not JSON serializable
2025-10-30 21:33:54,163 [INFO] [8/10] 20230417_令和5年5月9日付（財務省第百三十一号）
2025-10-30 21:33:54,168 [INFO]   ✓ ファイル読み込み: 1750文字
2025-10-30 21:33:54,169 [INFO]   ✓ パターン: NUMBERED_LIST (信頼度: 0.90)
2025-10-30 21:33:54,169 [INFO]   ✓ データ抽出: 1件
2025-10-30 21:33:54,169 [INFO]   ✓ 合計金額: 611.14億円
2025-10-30 21:33:54,169 [ERROR]   ✗ MERGE失敗: module 'google.cloud.bigquery' has no attribute 'StructField'
2025-10-30 21:33:54,170 [ERROR]   ✗ MERGE失敗
2025-10-30 21:33:54,170 [WARNING]   ⚠ parse_log記録警告: Object of type datetime is not JSON serializable
2025-10-30 21:33:54,170 [INFO] [9/10] 20230417_令和5年5月9日付（財務省第百三十二号）
2025-10-30 21:33:54,175 [INFO]   ✓ ファイル読み込み: 2063文字
2025-10-30 21:33:54,175 [INFO]   ✓ パターン: NUMBERED_LIST (信頼度: 0.90)
2025-10-30 21:33:54,175 [INFO]   ✓ データ抽出: 1件
2025-10-30 21:33:54,175 [INFO]   ✓ 合計金額: 2765.21億円
2025-10-30 21:33:54,176 [ERROR]   ✗ MERGE失敗: module 'google.cloud.bigquery' has no attribute 'StructField'
2025-10-30 21:33:54,176 [ERROR]   ✗ MERGE失敗
2025-10-30 21:33:54,176 [WARNING]   ⚠ parse_log記録警告: Object of type datetime is not JSON serializable
2025-10-30 21:33:54,176 [INFO] [10/10] 20230417_令和5年5月9日付（財務省第百三十号）
2025-10-30 21:33:54,180 [INFO]   ✓ ファイル読み込み: 1748文字
2025-10-30 21:33:54,181 [INFO]   ✓ パターン: NUMBERED_LIST (信頼度: 0.90)
2025-10-30 21:33:54,181 [INFO]   ✓ データ抽出: 1件
2025-10-30 21:33:54,182 [INFO]   ✓ 合計金額: 165.15億円
2025-10-30 21:33:54,182 [ERROR]   ✗ MERGE失敗: module 'google.cloud.bigquery' has no attribute 'StructField'
2025-10-30 21:33:54,182 [ERROR]   ✗ MERGE失敗
2025-10-30 21:33:54,182 [WARNING]   ⚠ parse_log記録警告: Object of type datetime is not JSON serializable
2025-10-30 21:33:54,183 [INFO] 
2025-10-30 21:33:54,183 [INFO] ================================================================================
2025-10-30 21:33:54,183 [INFO] 処理結果
2025-10-30 21:33:54,183 [INFO] ================================================================================
2025-10-30 21:33:54,184 [INFO] 総ファイル数: 10件
2025-10-30 21:33:54,184 [INFO] 成功: 0件
2025-10-30 21:33:54,184 [INFO] 失敗: 10件
2025-10-30 21:33:54,184 [INFO] スキップ: 0件
2025-10-30 21:33:54,184 [INFO] 成功率: 0.0%
2025-10-30 21:33:54,184 [INFO] 総レコード数: 0件
2025-10-30 21:33:54,184 [INFO] 総発行額: 0.00兆円
2025-10-30 21:33:54,185 [INFO] ================================================================================
2025-10-30 21:33:55,119 [INFO] 
Layer2 総レコード数: 24件
2025-10-30 21:33:55,120 [INFO] 
サンプルレコード（金額上位5件）:
2025-10-30 21:33:56,314 [INFO]   20230403_令和5年5月9日付（財務省第百二十一号）: 2,377,200,000,000円 (23772.00億円)
2025-10-30 21:33:56,314 [INFO]   20230405_令和5年5月9日付（財務省第百二十三号）: 2,196,200,000,000円 (21962.00億円)
2025-10-30 21:33:56,314 [INFO]   20230412_令和5年5月9日付（財務省第百二十二号）: 2,031,900,000,000円 (20319.00億円)
2025-10-30 21:33:56,315 [INFO]   20230407_令和5年5月9日付（財務省第百二十五号）: 728,200,000,000円 (7282.00億円)
2025-10-30 21:33:56,315 [INFO]   20230403_令和5年5月9日付（財務省第百二十一号）: 522,100,000,000円 (5221.00億円)
2025-10-30 21:33:56,315 [INFO] 
2025-10-30 21:33:56,315 [INFO] ================================================================================
2025-10-30 21:33:56,315 [INFO] 処理完了
2025-10-30 21:33:56,316 [INFO] ================================================================================
2025-10-30 21:33:56,316 [INFO] 詳細ログ: batch_processing_v3.log
